2024-03-08 11:52:14,296 : WARN  : comm-pool-thread-2 :  : Node : CSV Reader : 3:1 : Please specify a file
2024-03-08 11:55:12,930 : WARN  : comm-pool-thread-4 :  : Node : Rank Correlation : 3:3 : Auto configuration: Using all suitable columns (in total 11)
2024-03-08 11:56:45,062 : WARN  : comm-pool-thread-6 :  : Node : Linear Correlation : 3:4 : Auto configuration: Using all suitable columns (in total 11)
2024-03-08 12:04:04,375 : WARN  : comm-pool-thread-9 :  : Node : Color Manager : 3:7 : Selected column "Bare_Nuclei" with default nominal color mapping.
2024-03-08 12:07:31,860 : WARN  : comm-pool-thread-11 :  : Node : Partitioning : 3:9 : No sampling method selected
2024-03-08 12:10:16,245 : WARN  : comm-pool-thread-11 :  : Node : String Manipulation : 3:8 : No expression has been set.
2024-03-08 12:10:55,094 : WARN  : main :  : WrappedNodeDialog : String Manipulation : 3:8 : failed to apply settings: Unable to compile expression
ERROR at line 65
The method column(java.lang.String) is undefined for the type Expression0
  Line : 64    public java.lang.String internalEvaluate() throws Abort {
  Line : 65  return regexReplace(column("$Bare_Nuclei$"), "\\?", "")
org.knime.core.node.InvalidSettingsException: Unable to compile expression
ERROR at line 65
The method column(java.lang.String) is undefined for the type Expression0
  Line : 64    public java.lang.String internalEvaluate() throws Abort {
  Line : 65  return regexReplace(column("$Bare_Nuclei$"), "\\?", "")
	at org.knime.base.node.preproc.stringmanipulation.StringManipulationNodeDialog.saveSettingsTo(StringManipulationNodeDialog.java:419)
	at org.knime.core.node.NodeDialogPane.internalSaveSettingsTo(NodeDialogPane.java:539)
	at org.knime.core.node.NodeDialogPane$4.run(NodeDialogPane.java:778)
	at org.knime.core.node.util.ViewUtils$3.run(ViewUtils.java:353)
	at org.knime.core.node.util.ViewUtils$2.run(ViewUtils.java:155)
	at java.desktop/java.awt.event.InvocationEvent.dispatch(Unknown Source)
	at java.desktop/java.awt.EventQueue.dispatchEventImpl(Unknown Source)
	at java.desktop/java.awt.EventQueue$4.run(Unknown Source)
	at java.desktop/java.awt.EventQueue$4.run(Unknown Source)
	at java.base/java.security.AccessController.doPrivileged(Unknown Source)
	at java.base/java.security.ProtectionDomain$JavaSecurityAccessImpl.doIntersectionPrivilege(Unknown Source)
	at java.desktop/java.awt.EventQueue.dispatchEvent(Unknown Source)
	at java.desktop/java.awt.EventDispatchThread.pumpOneEventForFilters(Unknown Source)
	at java.desktop/java.awt.EventDispatchThread.pumpEventsForFilter(Unknown Source)
	at java.desktop/java.awt.EventDispatchThread.pumpEventsForHierarchy(Unknown Source)
	at java.desktop/java.awt.EventDispatchThread.pumpEvents(Unknown Source)
	at java.desktop/java.awt.EventDispatchThread.pumpEvents(Unknown Source)
	at java.desktop/java.awt.EventDispatchThread.run(Unknown Source)
Caused by: org.knime.ext.sun.nodes.script.compile.CompilationFailedException: Unable to compile expression
ERROR at line 65
The method column(java.lang.String) is undefined for the type Expression0
  Line : 64    public java.lang.String internalEvaluate() throws Abort {
  Line : 65  return regexReplace(column("$Bare_Nuclei$"), "\\?", "")
	at org.knime.ext.sun.nodes.script.compile.JavaCodeCompiler.compile(JavaCodeCompiler.java:333)
	at org.knime.ext.sun.nodes.script.expression.Expression.<init>(Expression.java:217)
	at org.knime.ext.sun.nodes.script.expression.Expression.compile(Expression.java:619)
	at org.knime.base.node.preproc.stringmanipulation.StringManipulationNodeDialog.saveSettingsTo(StringManipulationNodeDialog.java:417)
	... 17 more
2024-03-08 12:10:59,666 : WARN  : main :  : WrappedNodeDialog : String Manipulation : 3:8 : failed to apply settings: Unable to compile expression
ERROR at line 65
The method column(java.lang.String) is undefined for the type Expression1
  Line : 64    public java.lang.String internalEvaluate() throws Abort {
  Line : 65  return regexReplace(column("$Bare_Nuclei$"), "\\?", "")
org.knime.core.node.InvalidSettingsException: Unable to compile expression
ERROR at line 65
The method column(java.lang.String) is undefined for the type Expression1
  Line : 64    public java.lang.String internalEvaluate() throws Abort {
  Line : 65  return regexReplace(column("$Bare_Nuclei$"), "\\?", "")
	at org.knime.base.node.preproc.stringmanipulation.StringManipulationNodeDialog.saveSettingsTo(StringManipulationNodeDialog.java:419)
	at org.knime.core.node.NodeDialogPane.internalSaveSettingsTo(NodeDialogPane.java:539)
	at org.knime.core.node.NodeDialogPane$4.run(NodeDialogPane.java:778)
	at org.knime.core.node.util.ViewUtils$3.run(ViewUtils.java:353)
	at org.knime.core.node.util.ViewUtils$2.run(ViewUtils.java:155)
	at java.desktop/java.awt.event.InvocationEvent.dispatch(Unknown Source)
	at java.desktop/java.awt.EventQueue.dispatchEventImpl(Unknown Source)
	at java.desktop/java.awt.EventQueue$4.run(Unknown Source)
	at java.desktop/java.awt.EventQueue$4.run(Unknown Source)
	at java.base/java.security.AccessController.doPrivileged(Unknown Source)
	at java.base/java.security.ProtectionDomain$JavaSecurityAccessImpl.doIntersectionPrivilege(Unknown Source)
	at java.desktop/java.awt.EventQueue.dispatchEvent(Unknown Source)
	at java.desktop/java.awt.EventDispatchThread.pumpOneEventForFilters(Unknown Source)
	at java.desktop/java.awt.EventDispatchThread.pumpEventsForFilter(Unknown Source)
	at java.desktop/java.awt.EventDispatchThread.pumpEventsForHierarchy(Unknown Source)
	at java.desktop/java.awt.EventDispatchThread.pumpEvents(Unknown Source)
	at java.desktop/java.awt.EventDispatchThread.pumpEvents(Unknown Source)
	at java.desktop/java.awt.EventDispatchThread.run(Unknown Source)
Caused by: org.knime.ext.sun.nodes.script.compile.CompilationFailedException: Unable to compile expression
ERROR at line 65
The method column(java.lang.String) is undefined for the type Expression1
  Line : 64    public java.lang.String internalEvaluate() throws Abort {
  Line : 65  return regexReplace(column("$Bare_Nuclei$"), "\\?", "")
	at org.knime.ext.sun.nodes.script.compile.JavaCodeCompiler.compile(JavaCodeCompiler.java:333)
	at org.knime.ext.sun.nodes.script.expression.Expression.<init>(Expression.java:217)
	at org.knime.ext.sun.nodes.script.expression.Expression.compile(Expression.java:619)
	at org.knime.base.node.preproc.stringmanipulation.StringManipulationNodeDialog.saveSettingsTo(StringManipulationNodeDialog.java:417)
	... 17 more
2024-03-08 12:11:16,063 : WARN  : main :  : WrappedNodeDialog : String Manipulation : 3:8 : failed to apply settings: Unable to compile expression
ERROR at line 66
The method column(java.lang.String) is undefined for the type Expression2
  Line : 65    public java.lang.String internalEvaluate() throws Abort {
  Line : 66  return regexReplace(column(__col6), "\\?", "")
org.knime.core.node.InvalidSettingsException: Unable to compile expression
ERROR at line 66
The method column(java.lang.String) is undefined for the type Expression2
  Line : 65    public java.lang.String internalEvaluate() throws Abort {
  Line : 66  return regexReplace(column(__col6), "\\?", "")
	at org.knime.base.node.preproc.stringmanipulation.StringManipulationNodeDialog.saveSettingsTo(StringManipulationNodeDialog.java:419)
	at org.knime.core.node.NodeDialogPane.internalSaveSettingsTo(NodeDialogPane.java:539)
	at org.knime.core.node.NodeDialogPane$4.run(NodeDialogPane.java:778)
	at org.knime.core.node.util.ViewUtils$3.run(ViewUtils.java:353)
	at org.knime.core.node.util.ViewUtils$2.run(ViewUtils.java:155)
	at java.desktop/java.awt.event.InvocationEvent.dispatch(Unknown Source)
	at java.desktop/java.awt.EventQueue.dispatchEventImpl(Unknown Source)
	at java.desktop/java.awt.EventQueue$4.run(Unknown Source)
	at java.desktop/java.awt.EventQueue$4.run(Unknown Source)
	at java.base/java.security.AccessController.doPrivileged(Unknown Source)
	at java.base/java.security.ProtectionDomain$JavaSecurityAccessImpl.doIntersectionPrivilege(Unknown Source)
	at java.desktop/java.awt.EventQueue.dispatchEvent(Unknown Source)
	at java.desktop/java.awt.EventDispatchThread.pumpOneEventForFilters(Unknown Source)
	at java.desktop/java.awt.EventDispatchThread.pumpEventsForFilter(Unknown Source)
	at java.desktop/java.awt.EventDispatchThread.pumpEventsForHierarchy(Unknown Source)
	at java.desktop/java.awt.EventDispatchThread.pumpEvents(Unknown Source)
	at java.desktop/java.awt.EventDispatchThread.pumpEvents(Unknown Source)
	at java.desktop/java.awt.EventDispatchThread.run(Unknown Source)
Caused by: org.knime.ext.sun.nodes.script.compile.CompilationFailedException: Unable to compile expression
ERROR at line 66
The method column(java.lang.String) is undefined for the type Expression2
  Line : 65    public java.lang.String internalEvaluate() throws Abort {
  Line : 66  return regexReplace(column(__col6), "\\?", "")
	at org.knime.ext.sun.nodes.script.compile.JavaCodeCompiler.compile(JavaCodeCompiler.java:333)
	at org.knime.ext.sun.nodes.script.expression.Expression.<init>(Expression.java:217)
	at org.knime.ext.sun.nodes.script.expression.Expression.compile(Expression.java:619)
	at org.knime.base.node.preproc.stringmanipulation.StringManipulationNodeDialog.saveSettingsTo(StringManipulationNodeDialog.java:417)
	... 17 more
2024-03-08 12:11:19,974 : WARN  : main :  : WrappedNodeDialog : String Manipulation : 3:8 : failed to apply settings: Unable to compile expression
ERROR at line 66
The method column(java.lang.String) is undefined for the type Expression3
  Line : 65    public java.lang.String internalEvaluate() throws Abort {
  Line : 66  return regexReplace(column(__col6), "\\?", "");
org.knime.core.node.InvalidSettingsException: Unable to compile expression
ERROR at line 66
The method column(java.lang.String) is undefined for the type Expression3
  Line : 65    public java.lang.String internalEvaluate() throws Abort {
  Line : 66  return regexReplace(column(__col6), "\\?", "");
	at org.knime.base.node.preproc.stringmanipulation.StringManipulationNodeDialog.saveSettingsTo(StringManipulationNodeDialog.java:419)
	at org.knime.core.node.NodeDialogPane.internalSaveSettingsTo(NodeDialogPane.java:539)
	at org.knime.core.node.NodeDialogPane$4.run(NodeDialogPane.java:778)
	at org.knime.core.node.util.ViewUtils$3.run(ViewUtils.java:353)
	at org.knime.core.node.util.ViewUtils$2.run(ViewUtils.java:155)
	at java.desktop/java.awt.event.InvocationEvent.dispatch(Unknown Source)
	at java.desktop/java.awt.EventQueue.dispatchEventImpl(Unknown Source)
	at java.desktop/java.awt.EventQueue$4.run(Unknown Source)
	at java.desktop/java.awt.EventQueue$4.run(Unknown Source)
	at java.base/java.security.AccessController.doPrivileged(Unknown Source)
	at java.base/java.security.ProtectionDomain$JavaSecurityAccessImpl.doIntersectionPrivilege(Unknown Source)
	at java.desktop/java.awt.EventQueue.dispatchEvent(Unknown Source)
	at java.desktop/java.awt.EventDispatchThread.pumpOneEventForFilters(Unknown Source)
	at java.desktop/java.awt.EventDispatchThread.pumpEventsForFilter(Unknown Source)
	at java.desktop/java.awt.EventDispatchThread.pumpEventsForHierarchy(Unknown Source)
	at java.desktop/java.awt.EventDispatchThread.pumpEvents(Unknown Source)
	at java.desktop/java.awt.EventDispatchThread.pumpEvents(Unknown Source)
	at java.desktop/java.awt.EventDispatchThread.run(Unknown Source)
Caused by: org.knime.ext.sun.nodes.script.compile.CompilationFailedException: Unable to compile expression
ERROR at line 66
The method column(java.lang.String) is undefined for the type Expression3
  Line : 65    public java.lang.String internalEvaluate() throws Abort {
  Line : 66  return regexReplace(column(__col6), "\\?", "");
	at org.knime.ext.sun.nodes.script.compile.JavaCodeCompiler.compile(JavaCodeCompiler.java:333)
	at org.knime.ext.sun.nodes.script.expression.Expression.<init>(Expression.java:217)
	at org.knime.ext.sun.nodes.script.expression.Expression.compile(Expression.java:619)
	at org.knime.base.node.preproc.stringmanipulation.StringManipulationNodeDialog.saveSettingsTo(StringManipulationNodeDialog.java:417)
	... 17 more
2024-03-08 12:11:31,652 : WARN  : main :  : WrappedNodeDialog : String Manipulation : 3:8 : failed to apply settings: Unable to compile expression
ERROR at line 66
The method column(java.lang.String) is undefined for the type Expression4
  Line : 65    public java.lang.String internalEvaluate() throws Abort {
  Line : 66  return regexReplace(column(__col6), "\\?", "");
org.knime.core.node.InvalidSettingsException: Unable to compile expression
ERROR at line 66
The method column(java.lang.String) is undefined for the type Expression4
  Line : 65    public java.lang.String internalEvaluate() throws Abort {
  Line : 66  return regexReplace(column(__col6), "\\?", "");
	at org.knime.base.node.preproc.stringmanipulation.StringManipulationNodeDialog.saveSettingsTo(StringManipulationNodeDialog.java:419)
	at org.knime.core.node.NodeDialogPane.internalSaveSettingsTo(NodeDialogPane.java:539)
	at org.knime.core.node.NodeDialogPane$4.run(NodeDialogPane.java:778)
	at org.knime.core.node.util.ViewUtils$3.run(ViewUtils.java:353)
	at org.knime.core.node.util.ViewUtils$2.run(ViewUtils.java:155)
	at java.desktop/java.awt.event.InvocationEvent.dispatch(Unknown Source)
	at java.desktop/java.awt.EventQueue.dispatchEventImpl(Unknown Source)
	at java.desktop/java.awt.EventQueue$4.run(Unknown Source)
	at java.desktop/java.awt.EventQueue$4.run(Unknown Source)
	at java.base/java.security.AccessController.doPrivileged(Unknown Source)
	at java.base/java.security.ProtectionDomain$JavaSecurityAccessImpl.doIntersectionPrivilege(Unknown Source)
	at java.desktop/java.awt.EventQueue.dispatchEvent(Unknown Source)
	at java.desktop/java.awt.EventDispatchThread.pumpOneEventForFilters(Unknown Source)
	at java.desktop/java.awt.EventDispatchThread.pumpEventsForFilter(Unknown Source)
	at java.desktop/java.awt.EventDispatchThread.pumpEventsForHierarchy(Unknown Source)
	at java.desktop/java.awt.EventDispatchThread.pumpEvents(Unknown Source)
	at java.desktop/java.awt.EventDispatchThread.pumpEvents(Unknown Source)
	at java.desktop/java.awt.EventDispatchThread.run(Unknown Source)
Caused by: org.knime.ext.sun.nodes.script.compile.CompilationFailedException: Unable to compile expression
ERROR at line 66
The method column(java.lang.String) is undefined for the type Expression4
  Line : 65    public java.lang.String internalEvaluate() throws Abort {
  Line : 66  return regexReplace(column(__col6), "\\?", "");
	at org.knime.ext.sun.nodes.script.compile.JavaCodeCompiler.compile(JavaCodeCompiler.java:333)
	at org.knime.ext.sun.nodes.script.expression.Expression.<init>(Expression.java:217)
	at org.knime.ext.sun.nodes.script.expression.Expression.compile(Expression.java:619)
	at org.knime.base.node.preproc.stringmanipulation.StringManipulationNodeDialog.saveSettingsTo(StringManipulationNodeDialog.java:417)
	... 17 more
2024-03-08 12:14:02,084 : WARN  : main :  : WrappedNodeDialog : String Manipulation : 3:8 : failed to apply settings: Unable to compile expression
ERROR at line 66
Syntax error on token "'?'", delete this token
  Line : 65    public java.lang.String internalEvaluate() throws Abort {
  Line : 66  return regexReplace(__col6, r'?', "");
org.knime.core.node.InvalidSettingsException: Unable to compile expression
ERROR at line 66
Syntax error on token "'?'", delete this token
  Line : 65    public java.lang.String internalEvaluate() throws Abort {
  Line : 66  return regexReplace(__col6, r'?', "");
	at org.knime.base.node.preproc.stringmanipulation.StringManipulationNodeDialog.saveSettingsTo(StringManipulationNodeDialog.java:419)
	at org.knime.core.node.NodeDialogPane.internalSaveSettingsTo(NodeDialogPane.java:539)
	at org.knime.core.node.NodeDialogPane$4.run(NodeDialogPane.java:778)
	at org.knime.core.node.util.ViewUtils$3.run(ViewUtils.java:353)
	at org.knime.core.node.util.ViewUtils$2.run(ViewUtils.java:155)
	at java.desktop/java.awt.event.InvocationEvent.dispatch(Unknown Source)
	at java.desktop/java.awt.EventQueue.dispatchEventImpl(Unknown Source)
	at java.desktop/java.awt.EventQueue$4.run(Unknown Source)
	at java.desktop/java.awt.EventQueue$4.run(Unknown Source)
	at java.base/java.security.AccessController.doPrivileged(Unknown Source)
	at java.base/java.security.ProtectionDomain$JavaSecurityAccessImpl.doIntersectionPrivilege(Unknown Source)
	at java.desktop/java.awt.EventQueue.dispatchEvent(Unknown Source)
	at java.desktop/java.awt.EventDispatchThread.pumpOneEventForFilters(Unknown Source)
	at java.desktop/java.awt.EventDispatchThread.pumpEventsForFilter(Unknown Source)
	at java.desktop/java.awt.EventDispatchThread.pumpEventsForHierarchy(Unknown Source)
	at java.desktop/java.awt.EventDispatchThread.pumpEvents(Unknown Source)
	at java.desktop/java.awt.EventDispatchThread.pumpEvents(Unknown Source)
	at java.desktop/java.awt.EventDispatchThread.run(Unknown Source)
Caused by: org.knime.ext.sun.nodes.script.compile.CompilationFailedException: Unable to compile expression
ERROR at line 66
Syntax error on token "'?'", delete this token
  Line : 65    public java.lang.String internalEvaluate() throws Abort {
  Line : 66  return regexReplace(__col6, r'?', "");
	at org.knime.ext.sun.nodes.script.compile.JavaCodeCompiler.compile(JavaCodeCompiler.java:333)
	at org.knime.ext.sun.nodes.script.expression.Expression.<init>(Expression.java:217)
	at org.knime.ext.sun.nodes.script.expression.Expression.compile(Expression.java:619)
	at org.knime.base.node.preproc.stringmanipulation.StringManipulationNodeDialog.saveSettingsTo(StringManipulationNodeDialog.java:417)
	... 17 more
2024-03-08 12:14:45,130 : WARN  : KNIME-Worker-7-String Manipulation 3:8 :  : Node : String Manipulation : 3:8 : Problems in 699 rows. First error: Evaluation of expression failed for row "Row0": Dangling meta character '?' near index 0
?
^
2024-03-08 12:14:45,131 : WARN  : KNIME-Worker-7-String Manipulation 3:8 :  : Node : String Manipulation : 3:8 : Problems in 699 rows. First error: Evaluation of expression failed for row "Row0": Dangling meta character '?' near index 0
?
^
Evaluation of expression failed for row "Row0": Dangling meta character '?' near index 0
?
^
2024-03-08 12:15:11,192 : WARN  : KNIME-Worker-7-String Manipulation 3:8 :  : Node : String Manipulation : 3:8 : Problems in 699 rows. First error: Evaluation of expression failed for row "Row0": Dangling meta character '?' near index 0
?
^
2024-03-08 12:15:11,192 : WARN  : KNIME-Worker-7-String Manipulation 3:8 :  : Node : String Manipulation : 3:8 : Problems in 699 rows. First error: Evaluation of expression failed for row "Row0": Dangling meta character '?' near index 0
?
^
Evaluation of expression failed for row "Row0": Dangling meta character '?' near index 0
?
^
2024-03-08 12:24:26,785 : WARN  : KNIME-Worker-9-Missing Value 3:9 :  : Node : Missing Value : 3:9 : The current settings use missing value handling methods that cannot be represented in PMML 4.2.
2024-03-08 12:25:04,180 : WARN  : comm-pool-thread-17 :  : Node : Partitioning : 3:11 : No sampling method selected
2024-03-08 12:25:27,095 : WARN  : comm-pool-thread-17 :  : Node : Decision Tree Learner : 3:12 : Guessing target column: "Bare_Nuclei".
2024-03-08 12:26:55,023 : WARN  : comm-pool-thread-17 :  : Node : Decision Tree Learner : 3:12 : Class column "Bare_Nuclei" not found or incompatible
2024-03-08 12:26:58,333 : WARN  : KNIME-Worker-9-Partitioning 3:11 :  : Node : Decision Tree Learner : 3:12 : Class column "Bare_Nuclei" not found or incompatible
2024-03-08 12:27:24,487 : WARN  : main :  : Node : Decision Tree Learner : 3:12 : Class column "Bare_Nuclei" not found or incompatible
2024-03-08 12:27:25,586 : WARN  : main :  : Node : Decision Tree Learner : 3:12 : Class column "Bare_Nuclei" not found or incompatible
2024-03-08 12:27:26,661 : WARN  : KNIME-Worker-9-Partitioning 3:11 :  : Node : Decision Tree Learner : 3:12 : Class column "Bare_Nuclei" not found or incompatible
2024-03-08 12:28:46,905 : WARN  : comm-pool-thread-19 :  : Node : Scorer : 3:16 : No columns selected yet.
2024-03-08 12:28:58,456 : WARN  : KNIME-Worker-9-Scorer 3:16 :  : Node : Scorer : 3:16 : There were missing values in the reference or in the prediction class columns.
2024-03-08 12:29:48,156 : WARN  : main :  : Node : Scorer : 3:16 : Column 'Prediction (Bare_Nuclei)' not found.
2024-03-08 12:29:49,362 : WARN  : KNIME-Worker-10-Decision Tree Predictor 3:13 :  : Node : Scorer : 3:16 : Column 'Prediction (Bare_Nuclei)' not found.
2024-03-08 12:30:01,121 : WARN  : main :  : Node : Scorer : 3:16 : Column 'Prediction (Bare_Nuclei)' not found.
2024-03-08 12:30:04,887 : WARN  : KNIME-Worker-9-Decision Tree Predictor 3:13 :  : Node : Scorer : 3:16 : Column 'Prediction (Bare_Nuclei)' not found.
2024-03-08 12:30:39,667 : WARN  : main :  : WrappedNodeDialog : Scorer : 3:16 : failed to apply settings: First and second column cannot be the same.
org.knime.core.node.InvalidSettingsException: First and second column cannot be the same.
	at org.knime.base.node.mine.scorer.accuracy.AccuracyScorer2NodeDialog.saveSettingsTo(AccuracyScorer2NodeDialog.java:349)
	at org.knime.core.node.NodeDialogPane.internalSaveSettingsTo(NodeDialogPane.java:539)
	at org.knime.core.node.NodeDialogPane$4.run(NodeDialogPane.java:778)
	at org.knime.core.node.util.ViewUtils$3.run(ViewUtils.java:353)
	at org.knime.core.node.util.ViewUtils$2.run(ViewUtils.java:155)
	at java.desktop/java.awt.event.InvocationEvent.dispatch(Unknown Source)
	at java.desktop/java.awt.EventQueue.dispatchEventImpl(Unknown Source)
	at java.desktop/java.awt.EventQueue$4.run(Unknown Source)
	at java.desktop/java.awt.EventQueue$4.run(Unknown Source)
	at java.base/java.security.AccessController.doPrivileged(Unknown Source)
	at java.base/java.security.ProtectionDomain$JavaSecurityAccessImpl.doIntersectionPrivilege(Unknown Source)
	at java.desktop/java.awt.EventQueue.dispatchEvent(Unknown Source)
	at java.desktop/java.awt.EventDispatchThread.pumpOneEventForFilters(Unknown Source)
	at java.desktop/java.awt.EventDispatchThread.pumpEventsForFilter(Unknown Source)
	at java.desktop/java.awt.EventDispatchThread.pumpEventsForHierarchy(Unknown Source)
	at java.desktop/java.awt.EventDispatchThread.pumpEvents(Unknown Source)
	at java.desktop/java.awt.EventDispatchThread.pumpEvents(Unknown Source)
	at java.desktop/java.awt.EventDispatchThread.run(Unknown Source)
2024-03-08 12:30:45,973 : WARN  : KNIME-Worker-10-Scorer 3:16 :  : Node : Scorer : 3:16 : There were missing values in the reference or in the prediction class columns.
2024-03-08 12:32:55,988 : WARN  : KNIME-Worker-11-Scorer 3:16 :  : Node : Scorer : 3:16 : There were missing values in the reference or in the prediction class columns.
2024-03-08 12:33:58,339 : ERROR : main :  : CEFNodeView :  :  : Uncaught (in promise) TypeError: Cannot read properties of undefined (reading 'length') (source: http://org.knime.core.ui.view/uiext/tableview/TableView.umd.js; line: 67)
2024-03-08 12:33:58,340 : ERROR : main :  : CEFNodeView :  :  : Uncaught (in promise) TypeError: Cannot read properties of undefined (reading 'length') (source: http://org.knime.core.ui.view/uiext/tableview/TableView.umd.js; line: 67)
2024-03-08 12:33:58,340 : ERROR : main :  : CEFNodeView :  :  : Uncaught (in promise) TypeError: Cannot read properties of undefined (reading 'length') (source: http://org.knime.core.ui.view/uiext/tableview/TableView.umd.js; line: 67)
2024-03-08 12:35:38,804 : WARN  : comm-pool-thread-22 :  : Node : Decision Tree Predictor : 3:13 : Learning column "Clump_Thickness" not found in input data to be predicted
2024-03-08 12:35:47,690 : WARN  : main :  : Node : Decision Tree Predictor : 3:13 : Learning column "Clump_Thickness" not found in input data to be predicted
2024-03-08 12:35:49,007 : WARN  : main :  : Node : Decision Tree Predictor : 3:13 : Learning column "Clump_Thickness" not found in input data to be predicted
2024-03-08 12:35:57,371 : WARN  : KNIME-Worker-21-Scorer 3:16 :  : Node : Scorer : 3:16 : There were missing values in the reference or in the prediction class columns.
