2024-02-16 11:16:15,439 : WARN  : comm-pool-thread-1 :  : Node : Excel Reader : 3:1 : Please specify a file
2024-02-16 11:20:38,424 : ERROR : main :  : ExcelTableReaderNodeDialog : Excel Reader : 3:1 : Error loading model settings
java.lang.NullPointerException: Cannot invoke "String.isEmpty()" because "sheetName" is null
	at org.knime.ext.poi3.node.io.filehandling.excel.reader.SheetSelectionComponent.loadExcelSettings(SheetSelectionComponent.java:401)
	at org.knime.ext.poi3.node.io.filehandling.excel.reader.ExcelTableReaderNodeDialog.loadExcelSettings(ExcelTableReaderNodeDialog.java:902)
	at org.knime.ext.poi3.node.io.filehandling.excel.reader.ExcelTableReaderNodeDialog.loadSettings(ExcelTableReaderNodeDialog.java:740)
	at org.knime.ext.poi3.node.io.filehandling.excel.reader.ExcelTableReaderNodeDialog.loadSettings(ExcelTableReaderNodeDialog.java:1)
	at org.knime.filehandling.core.node.table.reader.preview.dialog.AbstractTableReaderNodeDialog.loadSettingsFrom(AbstractTableReaderNodeDialog.java:281)
	at org.knime.core.node.NodeDialogPane.callDerivedLoadSettingsFrom(NodeDialogPane.java:521)
	at org.knime.core.node.NodeDialogPane$3.run(NodeDialogPane.java:474)
	at org.knime.core.node.util.ViewUtils$3.run(ViewUtils.java:353)
	at org.knime.core.node.util.ViewUtils$2.run(ViewUtils.java:155)
	at java.desktop/java.awt.event.InvocationEvent.dispatch(Unknown Source)
	at java.desktop/java.awt.EventQueue.dispatchEventImpl(Unknown Source)
	at java.desktop/java.awt.EventQueue$4.run(Unknown Source)
	at java.desktop/java.awt.EventQueue$4.run(Unknown Source)
	at java.base/java.security.AccessController.doPrivileged(Unknown Source)
	at java.base/java.security.ProtectionDomain$JavaSecurityAccessImpl.doIntersectionPrivilege(Unknown Source)
	at java.desktop/java.awt.EventQueue.dispatchEvent(Unknown Source)
	at java.desktop/java.awt.EventDispatchThread.pumpOneEventForFilters(Unknown Source)
	at java.desktop/java.awt.EventDispatchThread.pumpEventsForFilter(Unknown Source)
	at java.desktop/java.awt.EventDispatchThread.pumpEventsForHierarchy(Unknown Source)
	at java.desktop/java.awt.EventDispatchThread.pumpEvents(Unknown Source)
	at java.desktop/java.awt.EventDispatchThread.pumpEvents(Unknown Source)
	at java.desktop/java.awt.EventDispatchThread.run(Unknown Source)
2024-02-16 11:21:28,758 : ERROR : KNIME-Worker-1-Excel Reader 3:1 :  : Node : Excel Reader : 3:1 : Execute failed: The format of the file '/Users/jony/Desktop/ADI/Praticas/titanic_dataset/titanic_dataset.csv' is not supported. Please select a valid XLSX, XLSM, XLSB or XLS file.
java.lang.IllegalArgumentException: The format of the file '/Users/jony/Desktop/ADI/Praticas/titanic_dataset/titanic_dataset.csv' is not supported. Please select a valid XLSX, XLSM, XLSB or XLS file.
	at org.knime.ext.poi3.node.io.filehandling.excel.reader.ExcelTableReader.createUnsupportedFileFormatException(ExcelTableReader.java:224)
	at org.knime.ext.poi3.node.io.filehandling.excel.reader.ExcelTableReader.getExcelRead(ExcelTableReader.java:179)
	at org.knime.ext.poi3.node.io.filehandling.excel.reader.ExcelTableReader.readSpec(ExcelTableReader.java:120)
	at org.knime.ext.poi3.node.io.filehandling.excel.reader.ExcelTableReader.readSpec(ExcelTableReader.java:1)
	at org.knime.filehandling.core.node.table.reader.DefaultMultiTableReadFactory.readIndividualSpecs(DefaultMultiTableReadFactory.java:146)
	at org.knime.filehandling.core.node.table.reader.DefaultMultiTableReadFactory.create(DefaultMultiTableReadFactory.java:136)
	at org.knime.filehandling.core.node.table.reader.MultiTableReader.createMultiRead(MultiTableReader.java:129)
	at org.knime.filehandling.core.node.table.reader.MultiTableReader.getMultiRead(MultiTableReader.java:201)
	at org.knime.filehandling.core.node.table.reader.MultiTableReader.readTable(MultiTableReader.java:166)
	at org.knime.filehandling.core.node.table.reader.TableReaderNodeModel.execute(TableReaderNodeModel.java:160)
	at org.knime.ext.poi3.node.io.filehandling.excel.reader.ExcelTableReaderNodeModel.execute(ExcelTableReaderNodeModel.java:106)
	at org.knime.core.node.NodeModel.executeModel(NodeModel.java:588)
	at org.knime.core.node.Node.invokeFullyNodeModelExecute(Node.java:1297)
	at org.knime.core.node.Node.execute(Node.java:1059)
	at org.knime.core.node.workflow.NativeNodeContainer.performExecuteNode(NativeNodeContainer.java:595)
	at org.knime.core.node.exec.LocalNodeExecutionJob.mainExecute(LocalNodeExecutionJob.java:98)
	at org.knime.core.node.workflow.NodeExecutionJob.internalRun(NodeExecutionJob.java:201)
	at org.knime.core.node.workflow.NodeExecutionJob.run(NodeExecutionJob.java:117)
	at org.knime.core.util.ThreadUtils$RunnableWithContextImpl.runWithContext(ThreadUtils.java:367)
	at org.knime.core.util.ThreadUtils$RunnableWithContext.run(ThreadUtils.java:221)
	at java.base/java.util.concurrent.Executors$RunnableAdapter.call(Unknown Source)
	at java.base/java.util.concurrent.FutureTask.run(Unknown Source)
	at org.knime.core.util.ThreadPool$MyFuture.run(ThreadPool.java:123)
	at org.knime.core.util.ThreadPool$Worker.run(ThreadPool.java:246)
Caused by: org.apache.poi.openxml4j.exceptions.NotOfficeXmlFileException: 
	at org.knime.ext.poi3.node.io.filehandling.excel.reader.read.xls.XLSRead.checkFileFormatAndCreateWorkbook(XLSRead.java:165)
	at org.knime.ext.poi3.node.io.filehandling.excel.reader.read.xls.XLSRead.createParser(XLSRead.java:120)
	at org.knime.ext.poi3.node.io.filehandling.excel.reader.read.ExcelRead.startParserThread(ExcelRead.java:314)
	at org.knime.ext.poi3.node.io.filehandling.excel.reader.read.ExcelRead.<init>(ExcelRead.java:164)
	at org.knime.ext.poi3.node.io.filehandling.excel.reader.read.xls.XLSRead.<init>(XLSRead.java:113)
	at org.knime.ext.poi3.node.io.filehandling.excel.reader.ExcelTableReader.getExcelRead(ExcelTableReader.java:160)
	... 22 more
2024-02-16 11:21:30,727 : ERROR : KNIME-Worker-1-Excel Reader 3:1 :  : Node : Excel Reader : 3:1 : Execute failed: The format of the file '/Users/jony/Desktop/ADI/Praticas/titanic_dataset/titanic_dataset.csv' is not supported. Please select a valid XLSX, XLSM, XLSB or XLS file.
java.lang.IllegalArgumentException: The format of the file '/Users/jony/Desktop/ADI/Praticas/titanic_dataset/titanic_dataset.csv' is not supported. Please select a valid XLSX, XLSM, XLSB or XLS file.
	at org.knime.ext.poi3.node.io.filehandling.excel.reader.ExcelTableReader.createUnsupportedFileFormatException(ExcelTableReader.java:224)
	at org.knime.ext.poi3.node.io.filehandling.excel.reader.ExcelTableReader.getExcelRead(ExcelTableReader.java:179)
	at org.knime.ext.poi3.node.io.filehandling.excel.reader.ExcelTableReader.readSpec(ExcelTableReader.java:120)
	at org.knime.ext.poi3.node.io.filehandling.excel.reader.ExcelTableReader.readSpec(ExcelTableReader.java:1)
	at org.knime.filehandling.core.node.table.reader.DefaultMultiTableReadFactory.readIndividualSpecs(DefaultMultiTableReadFactory.java:146)
	at org.knime.filehandling.core.node.table.reader.DefaultMultiTableReadFactory.create(DefaultMultiTableReadFactory.java:136)
	at org.knime.filehandling.core.node.table.reader.MultiTableReader.createMultiRead(MultiTableReader.java:129)
	at org.knime.filehandling.core.node.table.reader.MultiTableReader.getMultiRead(MultiTableReader.java:201)
	at org.knime.filehandling.core.node.table.reader.MultiTableReader.readTable(MultiTableReader.java:166)
	at org.knime.filehandling.core.node.table.reader.TableReaderNodeModel.execute(TableReaderNodeModel.java:160)
	at org.knime.ext.poi3.node.io.filehandling.excel.reader.ExcelTableReaderNodeModel.execute(ExcelTableReaderNodeModel.java:106)
	at org.knime.core.node.NodeModel.executeModel(NodeModel.java:588)
	at org.knime.core.node.Node.invokeFullyNodeModelExecute(Node.java:1297)
	at org.knime.core.node.Node.execute(Node.java:1059)
	at org.knime.core.node.workflow.NativeNodeContainer.performExecuteNode(NativeNodeContainer.java:595)
	at org.knime.core.node.exec.LocalNodeExecutionJob.mainExecute(LocalNodeExecutionJob.java:98)
	at org.knime.core.node.workflow.NodeExecutionJob.internalRun(NodeExecutionJob.java:201)
	at org.knime.core.node.workflow.NodeExecutionJob.run(NodeExecutionJob.java:117)
	at org.knime.core.util.ThreadUtils$RunnableWithContextImpl.runWithContext(ThreadUtils.java:367)
	at org.knime.core.util.ThreadUtils$RunnableWithContext.run(ThreadUtils.java:221)
	at java.base/java.util.concurrent.Executors$RunnableAdapter.call(Unknown Source)
	at java.base/java.util.concurrent.FutureTask.run(Unknown Source)
	at org.knime.core.util.ThreadPool$MyFuture.run(ThreadPool.java:123)
	at org.knime.core.util.ThreadPool$Worker.run(ThreadPool.java:246)
Caused by: org.apache.poi.openxml4j.exceptions.NotOfficeXmlFileException: 
	at org.knime.ext.poi3.node.io.filehandling.excel.reader.read.xls.XLSRead.checkFileFormatAndCreateWorkbook(XLSRead.java:165)
	at org.knime.ext.poi3.node.io.filehandling.excel.reader.read.xls.XLSRead.createParser(XLSRead.java:120)
	at org.knime.ext.poi3.node.io.filehandling.excel.reader.read.ExcelRead.startParserThread(ExcelRead.java:314)
	at org.knime.ext.poi3.node.io.filehandling.excel.reader.read.ExcelRead.<init>(ExcelRead.java:164)
	at org.knime.ext.poi3.node.io.filehandling.excel.reader.read.xls.XLSRead.<init>(XLSRead.java:113)
	at org.knime.ext.poi3.node.io.filehandling.excel.reader.ExcelTableReader.getExcelRead(ExcelTableReader.java:160)
	... 22 more
2024-02-16 11:21:38,539 : ERROR : KNIME-Worker-1-Excel Reader 3:1 :  : Node : Excel Reader : 3:1 : Execute failed: The format of the file '/Users/jony/Desktop/ADI/Praticas/titanic_dataset/titanic_dataset.csv' is not supported. Please select a valid XLSX, XLSM, XLSB or XLS file.
java.lang.IllegalArgumentException: The format of the file '/Users/jony/Desktop/ADI/Praticas/titanic_dataset/titanic_dataset.csv' is not supported. Please select a valid XLSX, XLSM, XLSB or XLS file.
	at org.knime.ext.poi3.node.io.filehandling.excel.reader.ExcelTableReader.createUnsupportedFileFormatException(ExcelTableReader.java:224)
	at org.knime.ext.poi3.node.io.filehandling.excel.reader.ExcelTableReader.getExcelRead(ExcelTableReader.java:179)
	at org.knime.ext.poi3.node.io.filehandling.excel.reader.ExcelTableReader.readSpec(ExcelTableReader.java:120)
	at org.knime.ext.poi3.node.io.filehandling.excel.reader.ExcelTableReader.readSpec(ExcelTableReader.java:1)
	at org.knime.filehandling.core.node.table.reader.DefaultMultiTableReadFactory.readIndividualSpecs(DefaultMultiTableReadFactory.java:146)
	at org.knime.filehandling.core.node.table.reader.DefaultMultiTableReadFactory.create(DefaultMultiTableReadFactory.java:136)
	at org.knime.filehandling.core.node.table.reader.MultiTableReader.createMultiRead(MultiTableReader.java:129)
	at org.knime.filehandling.core.node.table.reader.MultiTableReader.getMultiRead(MultiTableReader.java:201)
	at org.knime.filehandling.core.node.table.reader.MultiTableReader.readTable(MultiTableReader.java:166)
	at org.knime.filehandling.core.node.table.reader.TableReaderNodeModel.execute(TableReaderNodeModel.java:160)
	at org.knime.ext.poi3.node.io.filehandling.excel.reader.ExcelTableReaderNodeModel.execute(ExcelTableReaderNodeModel.java:106)
	at org.knime.core.node.NodeModel.executeModel(NodeModel.java:588)
	at org.knime.core.node.Node.invokeFullyNodeModelExecute(Node.java:1297)
	at org.knime.core.node.Node.execute(Node.java:1059)
	at org.knime.core.node.workflow.NativeNodeContainer.performExecuteNode(NativeNodeContainer.java:595)
	at org.knime.core.node.exec.LocalNodeExecutionJob.mainExecute(LocalNodeExecutionJob.java:98)
	at org.knime.core.node.workflow.NodeExecutionJob.internalRun(NodeExecutionJob.java:201)
	at org.knime.core.node.workflow.NodeExecutionJob.run(NodeExecutionJob.java:117)
	at org.knime.core.util.ThreadUtils$RunnableWithContextImpl.runWithContext(ThreadUtils.java:367)
	at org.knime.core.util.ThreadUtils$RunnableWithContext.run(ThreadUtils.java:221)
	at java.base/java.util.concurrent.Executors$RunnableAdapter.call(Unknown Source)
	at java.base/java.util.concurrent.FutureTask.run(Unknown Source)
	at org.knime.core.util.ThreadPool$MyFuture.run(ThreadPool.java:123)
	at org.knime.core.util.ThreadPool$Worker.run(ThreadPool.java:246)
Caused by: org.apache.poi.openxml4j.exceptions.NotOfficeXmlFileException: 
	at org.knime.ext.poi3.node.io.filehandling.excel.reader.read.xls.XLSRead.checkFileFormatAndCreateWorkbook(XLSRead.java:165)
	at org.knime.ext.poi3.node.io.filehandling.excel.reader.read.xls.XLSRead.createParser(XLSRead.java:120)
	at org.knime.ext.poi3.node.io.filehandling.excel.reader.read.ExcelRead.startParserThread(ExcelRead.java:314)
	at org.knime.ext.poi3.node.io.filehandling.excel.reader.read.ExcelRead.<init>(ExcelRead.java:164)
	at org.knime.ext.poi3.node.io.filehandling.excel.reader.read.xls.XLSRead.<init>(XLSRead.java:113)
	at org.knime.ext.poi3.node.io.filehandling.excel.reader.ExcelTableReader.getExcelRead(ExcelTableReader.java:160)
	... 22 more
2024-02-16 11:21:39,940 : ERROR : KNIME-Worker-1-Excel Reader 3:1 :  : Node : Excel Reader : 3:1 : Execute failed: The format of the file '/Users/jony/Desktop/ADI/Praticas/titanic_dataset/titanic_dataset.csv' is not supported. Please select a valid XLSX, XLSM, XLSB or XLS file.
java.lang.IllegalArgumentException: The format of the file '/Users/jony/Desktop/ADI/Praticas/titanic_dataset/titanic_dataset.csv' is not supported. Please select a valid XLSX, XLSM, XLSB or XLS file.
	at org.knime.ext.poi3.node.io.filehandling.excel.reader.ExcelTableReader.createUnsupportedFileFormatException(ExcelTableReader.java:224)
	at org.knime.ext.poi3.node.io.filehandling.excel.reader.ExcelTableReader.getExcelRead(ExcelTableReader.java:179)
	at org.knime.ext.poi3.node.io.filehandling.excel.reader.ExcelTableReader.readSpec(ExcelTableReader.java:120)
	at org.knime.ext.poi3.node.io.filehandling.excel.reader.ExcelTableReader.readSpec(ExcelTableReader.java:1)
	at org.knime.filehandling.core.node.table.reader.DefaultMultiTableReadFactory.readIndividualSpecs(DefaultMultiTableReadFactory.java:146)
	at org.knime.filehandling.core.node.table.reader.DefaultMultiTableReadFactory.create(DefaultMultiTableReadFactory.java:136)
	at org.knime.filehandling.core.node.table.reader.MultiTableReader.createMultiRead(MultiTableReader.java:129)
	at org.knime.filehandling.core.node.table.reader.MultiTableReader.getMultiRead(MultiTableReader.java:201)
	at org.knime.filehandling.core.node.table.reader.MultiTableReader.readTable(MultiTableReader.java:166)
	at org.knime.filehandling.core.node.table.reader.TableReaderNodeModel.execute(TableReaderNodeModel.java:160)
	at org.knime.ext.poi3.node.io.filehandling.excel.reader.ExcelTableReaderNodeModel.execute(ExcelTableReaderNodeModel.java:106)
	at org.knime.core.node.NodeModel.executeModel(NodeModel.java:588)
	at org.knime.core.node.Node.invokeFullyNodeModelExecute(Node.java:1297)
	at org.knime.core.node.Node.execute(Node.java:1059)
	at org.knime.core.node.workflow.NativeNodeContainer.performExecuteNode(NativeNodeContainer.java:595)
	at org.knime.core.node.exec.LocalNodeExecutionJob.mainExecute(LocalNodeExecutionJob.java:98)
	at org.knime.core.node.workflow.NodeExecutionJob.internalRun(NodeExecutionJob.java:201)
	at org.knime.core.node.workflow.NodeExecutionJob.run(NodeExecutionJob.java:117)
	at org.knime.core.util.ThreadUtils$RunnableWithContextImpl.runWithContext(ThreadUtils.java:367)
	at org.knime.core.util.ThreadUtils$RunnableWithContext.run(ThreadUtils.java:221)
	at java.base/java.util.concurrent.Executors$RunnableAdapter.call(Unknown Source)
	at java.base/java.util.concurrent.FutureTask.run(Unknown Source)
	at org.knime.core.util.ThreadPool$MyFuture.run(ThreadPool.java:123)
	at org.knime.core.util.ThreadPool$Worker.run(ThreadPool.java:246)
Caused by: org.apache.poi.openxml4j.exceptions.NotOfficeXmlFileException: 
	at org.knime.ext.poi3.node.io.filehandling.excel.reader.read.xls.XLSRead.checkFileFormatAndCreateWorkbook(XLSRead.java:165)
	at org.knime.ext.poi3.node.io.filehandling.excel.reader.read.xls.XLSRead.createParser(XLSRead.java:120)
	at org.knime.ext.poi3.node.io.filehandling.excel.reader.read.ExcelRead.startParserThread(ExcelRead.java:314)
	at org.knime.ext.poi3.node.io.filehandling.excel.reader.read.ExcelRead.<init>(ExcelRead.java:164)
	at org.knime.ext.poi3.node.io.filehandling.excel.reader.read.xls.XLSRead.<init>(XLSRead.java:113)
	at org.knime.ext.poi3.node.io.filehandling.excel.reader.ExcelTableReader.getExcelRead(ExcelTableReader.java:160)
	... 22 more
2024-02-16 11:21:48,574 : ERROR : KNIME-Worker-1-Excel Reader 3:1 :  : Node : Excel Reader : 3:1 : Execute failed: The format of the file '/Users/jony/Desktop/ADI/Praticas/titanic_dataset/titanic_dataset.csv' is not supported. Please select a valid XLSX, XLSM, XLSB or XLS file.
java.lang.IllegalArgumentException: The format of the file '/Users/jony/Desktop/ADI/Praticas/titanic_dataset/titanic_dataset.csv' is not supported. Please select a valid XLSX, XLSM, XLSB or XLS file.
	at org.knime.ext.poi3.node.io.filehandling.excel.reader.ExcelTableReader.createUnsupportedFileFormatException(ExcelTableReader.java:224)
	at org.knime.ext.poi3.node.io.filehandling.excel.reader.ExcelTableReader.getExcelRead(ExcelTableReader.java:179)
	at org.knime.ext.poi3.node.io.filehandling.excel.reader.ExcelTableReader.readSpec(ExcelTableReader.java:120)
	at org.knime.ext.poi3.node.io.filehandling.excel.reader.ExcelTableReader.readSpec(ExcelTableReader.java:1)
	at org.knime.filehandling.core.node.table.reader.DefaultMultiTableReadFactory.readIndividualSpecs(DefaultMultiTableReadFactory.java:146)
	at org.knime.filehandling.core.node.table.reader.DefaultMultiTableReadFactory.create(DefaultMultiTableReadFactory.java:136)
	at org.knime.filehandling.core.node.table.reader.MultiTableReader.createMultiRead(MultiTableReader.java:129)
	at org.knime.filehandling.core.node.table.reader.MultiTableReader.getMultiRead(MultiTableReader.java:201)
	at org.knime.filehandling.core.node.table.reader.MultiTableReader.readTable(MultiTableReader.java:166)
	at org.knime.filehandling.core.node.table.reader.TableReaderNodeModel.execute(TableReaderNodeModel.java:160)
	at org.knime.ext.poi3.node.io.filehandling.excel.reader.ExcelTableReaderNodeModel.execute(ExcelTableReaderNodeModel.java:106)
	at org.knime.core.node.NodeModel.executeModel(NodeModel.java:588)
	at org.knime.core.node.Node.invokeFullyNodeModelExecute(Node.java:1297)
	at org.knime.core.node.Node.execute(Node.java:1059)
	at org.knime.core.node.workflow.NativeNodeContainer.performExecuteNode(NativeNodeContainer.java:595)
	at org.knime.core.node.exec.LocalNodeExecutionJob.mainExecute(LocalNodeExecutionJob.java:98)
	at org.knime.core.node.workflow.NodeExecutionJob.internalRun(NodeExecutionJob.java:201)
	at org.knime.core.node.workflow.NodeExecutionJob.run(NodeExecutionJob.java:117)
	at org.knime.core.util.ThreadUtils$RunnableWithContextImpl.runWithContext(ThreadUtils.java:367)
	at org.knime.core.util.ThreadUtils$RunnableWithContext.run(ThreadUtils.java:221)
	at java.base/java.util.concurrent.Executors$RunnableAdapter.call(Unknown Source)
	at java.base/java.util.concurrent.FutureTask.run(Unknown Source)
	at org.knime.core.util.ThreadPool$MyFuture.run(ThreadPool.java:123)
	at org.knime.core.util.ThreadPool$Worker.run(ThreadPool.java:246)
Caused by: org.apache.poi.openxml4j.exceptions.NotOfficeXmlFileException: 
	at org.knime.ext.poi3.node.io.filehandling.excel.reader.read.xls.XLSRead.checkFileFormatAndCreateWorkbook(XLSRead.java:165)
	at org.knime.ext.poi3.node.io.filehandling.excel.reader.read.xls.XLSRead.createParser(XLSRead.java:120)
	at org.knime.ext.poi3.node.io.filehandling.excel.reader.read.ExcelRead.startParserThread(ExcelRead.java:314)
	at org.knime.ext.poi3.node.io.filehandling.excel.reader.read.ExcelRead.<init>(ExcelRead.java:164)
	at org.knime.ext.poi3.node.io.filehandling.excel.reader.read.xls.XLSRead.<init>(XLSRead.java:113)
	at org.knime.ext.poi3.node.io.filehandling.excel.reader.ExcelTableReader.getExcelRead(ExcelTableReader.java:160)
	... 22 more
2024-02-16 11:21:53,527 : ERROR : KNIME-Worker-1-Excel Reader 3:1 :  : Node : Excel Reader : 3:1 : Execute failed: The format of the file '/Users/jony/Desktop/ADI/Praticas/titanic_dataset/titanic_dataset.csv' is not supported. Please select a valid XLSX, XLSM, XLSB or XLS file.
java.lang.IllegalArgumentException: The format of the file '/Users/jony/Desktop/ADI/Praticas/titanic_dataset/titanic_dataset.csv' is not supported. Please select a valid XLSX, XLSM, XLSB or XLS file.
	at org.knime.ext.poi3.node.io.filehandling.excel.reader.ExcelTableReader.createUnsupportedFileFormatException(ExcelTableReader.java:224)
	at org.knime.ext.poi3.node.io.filehandling.excel.reader.ExcelTableReader.getExcelRead(ExcelTableReader.java:179)
	at org.knime.ext.poi3.node.io.filehandling.excel.reader.ExcelTableReader.readSpec(ExcelTableReader.java:120)
	at org.knime.ext.poi3.node.io.filehandling.excel.reader.ExcelTableReader.readSpec(ExcelTableReader.java:1)
	at org.knime.filehandling.core.node.table.reader.DefaultMultiTableReadFactory.readIndividualSpecs(DefaultMultiTableReadFactory.java:146)
	at org.knime.filehandling.core.node.table.reader.DefaultMultiTableReadFactory.create(DefaultMultiTableReadFactory.java:136)
	at org.knime.filehandling.core.node.table.reader.MultiTableReader.createMultiRead(MultiTableReader.java:129)
	at org.knime.filehandling.core.node.table.reader.MultiTableReader.getMultiRead(MultiTableReader.java:201)
	at org.knime.filehandling.core.node.table.reader.MultiTableReader.readTable(MultiTableReader.java:166)
	at org.knime.filehandling.core.node.table.reader.TableReaderNodeModel.execute(TableReaderNodeModel.java:160)
	at org.knime.ext.poi3.node.io.filehandling.excel.reader.ExcelTableReaderNodeModel.execute(ExcelTableReaderNodeModel.java:106)
	at org.knime.core.node.NodeModel.executeModel(NodeModel.java:588)
	at org.knime.core.node.Node.invokeFullyNodeModelExecute(Node.java:1297)
	at org.knime.core.node.Node.execute(Node.java:1059)
	at org.knime.core.node.workflow.NativeNodeContainer.performExecuteNode(NativeNodeContainer.java:595)
	at org.knime.core.node.exec.LocalNodeExecutionJob.mainExecute(LocalNodeExecutionJob.java:98)
	at org.knime.core.node.workflow.NodeExecutionJob.internalRun(NodeExecutionJob.java:201)
	at org.knime.core.node.workflow.NodeExecutionJob.run(NodeExecutionJob.java:117)
	at org.knime.core.util.ThreadUtils$RunnableWithContextImpl.runWithContext(ThreadUtils.java:367)
	at org.knime.core.util.ThreadUtils$RunnableWithContext.run(ThreadUtils.java:221)
	at java.base/java.util.concurrent.Executors$RunnableAdapter.call(Unknown Source)
	at java.base/java.util.concurrent.FutureTask.run(Unknown Source)
	at org.knime.core.util.ThreadPool$MyFuture.run(ThreadPool.java:123)
	at org.knime.core.util.ThreadPool$Worker.run(ThreadPool.java:246)
Caused by: org.apache.poi.openxml4j.exceptions.NotOfficeXmlFileException: 
	at org.knime.ext.poi3.node.io.filehandling.excel.reader.read.xls.XLSRead.checkFileFormatAndCreateWorkbook(XLSRead.java:165)
	at org.knime.ext.poi3.node.io.filehandling.excel.reader.read.xls.XLSRead.createParser(XLSRead.java:120)
	at org.knime.ext.poi3.node.io.filehandling.excel.reader.read.ExcelRead.startParserThread(ExcelRead.java:314)
	at org.knime.ext.poi3.node.io.filehandling.excel.reader.read.ExcelRead.<init>(ExcelRead.java:164)
	at org.knime.ext.poi3.node.io.filehandling.excel.reader.read.xls.XLSRead.<init>(XLSRead.java:113)
	at org.knime.ext.poi3.node.io.filehandling.excel.reader.ExcelTableReader.getExcelRead(ExcelTableReader.java:160)
	... 22 more
2024-02-16 11:21:54,412 : ERROR : KNIME-Worker-1-Excel Reader 3:1 :  : Node : Excel Reader : 3:1 : Execute failed: The format of the file '/Users/jony/Desktop/ADI/Praticas/titanic_dataset/titanic_dataset.csv' is not supported. Please select a valid XLSX, XLSM, XLSB or XLS file.
java.lang.IllegalArgumentException: The format of the file '/Users/jony/Desktop/ADI/Praticas/titanic_dataset/titanic_dataset.csv' is not supported. Please select a valid XLSX, XLSM, XLSB or XLS file.
	at org.knime.ext.poi3.node.io.filehandling.excel.reader.ExcelTableReader.createUnsupportedFileFormatException(ExcelTableReader.java:224)
	at org.knime.ext.poi3.node.io.filehandling.excel.reader.ExcelTableReader.getExcelRead(ExcelTableReader.java:179)
	at org.knime.ext.poi3.node.io.filehandling.excel.reader.ExcelTableReader.readSpec(ExcelTableReader.java:120)
	at org.knime.ext.poi3.node.io.filehandling.excel.reader.ExcelTableReader.readSpec(ExcelTableReader.java:1)
	at org.knime.filehandling.core.node.table.reader.DefaultMultiTableReadFactory.readIndividualSpecs(DefaultMultiTableReadFactory.java:146)
	at org.knime.filehandling.core.node.table.reader.DefaultMultiTableReadFactory.create(DefaultMultiTableReadFactory.java:136)
	at org.knime.filehandling.core.node.table.reader.MultiTableReader.createMultiRead(MultiTableReader.java:129)
	at org.knime.filehandling.core.node.table.reader.MultiTableReader.getMultiRead(MultiTableReader.java:201)
	at org.knime.filehandling.core.node.table.reader.MultiTableReader.readTable(MultiTableReader.java:166)
	at org.knime.filehandling.core.node.table.reader.TableReaderNodeModel.execute(TableReaderNodeModel.java:160)
	at org.knime.ext.poi3.node.io.filehandling.excel.reader.ExcelTableReaderNodeModel.execute(ExcelTableReaderNodeModel.java:106)
	at org.knime.core.node.NodeModel.executeModel(NodeModel.java:588)
	at org.knime.core.node.Node.invokeFullyNodeModelExecute(Node.java:1297)
	at org.knime.core.node.Node.execute(Node.java:1059)
	at org.knime.core.node.workflow.NativeNodeContainer.performExecuteNode(NativeNodeContainer.java:595)
	at org.knime.core.node.exec.LocalNodeExecutionJob.mainExecute(LocalNodeExecutionJob.java:98)
	at org.knime.core.node.workflow.NodeExecutionJob.internalRun(NodeExecutionJob.java:201)
	at org.knime.core.node.workflow.NodeExecutionJob.run(NodeExecutionJob.java:117)
	at org.knime.core.util.ThreadUtils$RunnableWithContextImpl.runWithContext(ThreadUtils.java:367)
	at org.knime.core.util.ThreadUtils$RunnableWithContext.run(ThreadUtils.java:221)
	at java.base/java.util.concurrent.Executors$RunnableAdapter.call(Unknown Source)
	at java.base/java.util.concurrent.FutureTask.run(Unknown Source)
	at org.knime.core.util.ThreadPool$MyFuture.run(ThreadPool.java:123)
	at org.knime.core.util.ThreadPool$Worker.run(ThreadPool.java:246)
Caused by: org.apache.poi.openxml4j.exceptions.NotOfficeXmlFileException: 
	at org.knime.ext.poi3.node.io.filehandling.excel.reader.read.xls.XLSRead.checkFileFormatAndCreateWorkbook(XLSRead.java:165)
	at org.knime.ext.poi3.node.io.filehandling.excel.reader.read.xls.XLSRead.createParser(XLSRead.java:120)
	at org.knime.ext.poi3.node.io.filehandling.excel.reader.read.ExcelRead.startParserThread(ExcelRead.java:314)
	at org.knime.ext.poi3.node.io.filehandling.excel.reader.read.ExcelRead.<init>(ExcelRead.java:164)
	at org.knime.ext.poi3.node.io.filehandling.excel.reader.read.xls.XLSRead.<init>(XLSRead.java:113)
	at org.knime.ext.poi3.node.io.filehandling.excel.reader.ExcelTableReader.getExcelRead(ExcelTableReader.java:160)
	... 22 more
2024-02-16 11:21:54,638 : ERROR : KNIME-Worker-1-Excel Reader 3:1 :  : Node : Excel Reader : 3:1 : Execute failed: The format of the file '/Users/jony/Desktop/ADI/Praticas/titanic_dataset/titanic_dataset.csv' is not supported. Please select a valid XLSX, XLSM, XLSB or XLS file.
java.lang.IllegalArgumentException: The format of the file '/Users/jony/Desktop/ADI/Praticas/titanic_dataset/titanic_dataset.csv' is not supported. Please select a valid XLSX, XLSM, XLSB or XLS file.
	at org.knime.ext.poi3.node.io.filehandling.excel.reader.ExcelTableReader.createUnsupportedFileFormatException(ExcelTableReader.java:224)
	at org.knime.ext.poi3.node.io.filehandling.excel.reader.ExcelTableReader.getExcelRead(ExcelTableReader.java:179)
	at org.knime.ext.poi3.node.io.filehandling.excel.reader.ExcelTableReader.readSpec(ExcelTableReader.java:120)
	at org.knime.ext.poi3.node.io.filehandling.excel.reader.ExcelTableReader.readSpec(ExcelTableReader.java:1)
	at org.knime.filehandling.core.node.table.reader.DefaultMultiTableReadFactory.readIndividualSpecs(DefaultMultiTableReadFactory.java:146)
	at org.knime.filehandling.core.node.table.reader.DefaultMultiTableReadFactory.create(DefaultMultiTableReadFactory.java:136)
	at org.knime.filehandling.core.node.table.reader.MultiTableReader.createMultiRead(MultiTableReader.java:129)
	at org.knime.filehandling.core.node.table.reader.MultiTableReader.getMultiRead(MultiTableReader.java:201)
	at org.knime.filehandling.core.node.table.reader.MultiTableReader.readTable(MultiTableReader.java:166)
	at org.knime.filehandling.core.node.table.reader.TableReaderNodeModel.execute(TableReaderNodeModel.java:160)
	at org.knime.ext.poi3.node.io.filehandling.excel.reader.ExcelTableReaderNodeModel.execute(ExcelTableReaderNodeModel.java:106)
	at org.knime.core.node.NodeModel.executeModel(NodeModel.java:588)
	at org.knime.core.node.Node.invokeFullyNodeModelExecute(Node.java:1297)
	at org.knime.core.node.Node.execute(Node.java:1059)
	at org.knime.core.node.workflow.NativeNodeContainer.performExecuteNode(NativeNodeContainer.java:595)
	at org.knime.core.node.exec.LocalNodeExecutionJob.mainExecute(LocalNodeExecutionJob.java:98)
	at org.knime.core.node.workflow.NodeExecutionJob.internalRun(NodeExecutionJob.java:201)
	at org.knime.core.node.workflow.NodeExecutionJob.run(NodeExecutionJob.java:117)
	at org.knime.core.util.ThreadUtils$RunnableWithContextImpl.runWithContext(ThreadUtils.java:367)
	at org.knime.core.util.ThreadUtils$RunnableWithContext.run(ThreadUtils.java:221)
	at java.base/java.util.concurrent.Executors$RunnableAdapter.call(Unknown Source)
	at java.base/java.util.concurrent.FutureTask.run(Unknown Source)
	at org.knime.core.util.ThreadPool$MyFuture.run(ThreadPool.java:123)
	at org.knime.core.util.ThreadPool$Worker.run(ThreadPool.java:246)
Caused by: org.apache.poi.openxml4j.exceptions.NotOfficeXmlFileException: 
	at org.knime.ext.poi3.node.io.filehandling.excel.reader.read.xls.XLSRead.checkFileFormatAndCreateWorkbook(XLSRead.java:165)
	at org.knime.ext.poi3.node.io.filehandling.excel.reader.read.xls.XLSRead.createParser(XLSRead.java:120)
	at org.knime.ext.poi3.node.io.filehandling.excel.reader.read.ExcelRead.startParserThread(ExcelRead.java:314)
	at org.knime.ext.poi3.node.io.filehandling.excel.reader.read.ExcelRead.<init>(ExcelRead.java:164)
	at org.knime.ext.poi3.node.io.filehandling.excel.reader.read.xls.XLSRead.<init>(XLSRead.java:113)
	at org.knime.ext.poi3.node.io.filehandling.excel.reader.ExcelTableReader.getExcelRead(ExcelTableReader.java:160)
	... 22 more
2024-02-16 11:21:54,823 : ERROR : KNIME-Worker-1-Excel Reader 3:1 :  : Node : Excel Reader : 3:1 : Execute failed: The format of the file '/Users/jony/Desktop/ADI/Praticas/titanic_dataset/titanic_dataset.csv' is not supported. Please select a valid XLSX, XLSM, XLSB or XLS file.
java.lang.IllegalArgumentException: The format of the file '/Users/jony/Desktop/ADI/Praticas/titanic_dataset/titanic_dataset.csv' is not supported. Please select a valid XLSX, XLSM, XLSB or XLS file.
	at org.knime.ext.poi3.node.io.filehandling.excel.reader.ExcelTableReader.createUnsupportedFileFormatException(ExcelTableReader.java:224)
	at org.knime.ext.poi3.node.io.filehandling.excel.reader.ExcelTableReader.getExcelRead(ExcelTableReader.java:179)
	at org.knime.ext.poi3.node.io.filehandling.excel.reader.ExcelTableReader.readSpec(ExcelTableReader.java:120)
	at org.knime.ext.poi3.node.io.filehandling.excel.reader.ExcelTableReader.readSpec(ExcelTableReader.java:1)
	at org.knime.filehandling.core.node.table.reader.DefaultMultiTableReadFactory.readIndividualSpecs(DefaultMultiTableReadFactory.java:146)
	at org.knime.filehandling.core.node.table.reader.DefaultMultiTableReadFactory.create(DefaultMultiTableReadFactory.java:136)
	at org.knime.filehandling.core.node.table.reader.MultiTableReader.createMultiRead(MultiTableReader.java:129)
	at org.knime.filehandling.core.node.table.reader.MultiTableReader.getMultiRead(MultiTableReader.java:201)
	at org.knime.filehandling.core.node.table.reader.MultiTableReader.readTable(MultiTableReader.java:166)
	at org.knime.filehandling.core.node.table.reader.TableReaderNodeModel.execute(TableReaderNodeModel.java:160)
	at org.knime.ext.poi3.node.io.filehandling.excel.reader.ExcelTableReaderNodeModel.execute(ExcelTableReaderNodeModel.java:106)
	at org.knime.core.node.NodeModel.executeModel(NodeModel.java:588)
	at org.knime.core.node.Node.invokeFullyNodeModelExecute(Node.java:1297)
	at org.knime.core.node.Node.execute(Node.java:1059)
	at org.knime.core.node.workflow.NativeNodeContainer.performExecuteNode(NativeNodeContainer.java:595)
	at org.knime.core.node.exec.LocalNodeExecutionJob.mainExecute(LocalNodeExecutionJob.java:98)
	at org.knime.core.node.workflow.NodeExecutionJob.internalRun(NodeExecutionJob.java:201)
	at org.knime.core.node.workflow.NodeExecutionJob.run(NodeExecutionJob.java:117)
	at org.knime.core.util.ThreadUtils$RunnableWithContextImpl.runWithContext(ThreadUtils.java:367)
	at org.knime.core.util.ThreadUtils$RunnableWithContext.run(ThreadUtils.java:221)
	at java.base/java.util.concurrent.Executors$RunnableAdapter.call(Unknown Source)
	at java.base/java.util.concurrent.FutureTask.run(Unknown Source)
	at org.knime.core.util.ThreadPool$MyFuture.run(ThreadPool.java:123)
	at org.knime.core.util.ThreadPool$Worker.run(ThreadPool.java:246)
Caused by: org.apache.poi.openxml4j.exceptions.NotOfficeXmlFileException: 
	at org.knime.ext.poi3.node.io.filehandling.excel.reader.read.xls.XLSRead.checkFileFormatAndCreateWorkbook(XLSRead.java:165)
	at org.knime.ext.poi3.node.io.filehandling.excel.reader.read.xls.XLSRead.createParser(XLSRead.java:120)
	at org.knime.ext.poi3.node.io.filehandling.excel.reader.read.ExcelRead.startParserThread(ExcelRead.java:314)
	at org.knime.ext.poi3.node.io.filehandling.excel.reader.read.ExcelRead.<init>(ExcelRead.java:164)
	at org.knime.ext.poi3.node.io.filehandling.excel.reader.read.xls.XLSRead.<init>(XLSRead.java:113)
	at org.knime.ext.poi3.node.io.filehandling.excel.reader.ExcelTableReader.getExcelRead(ExcelTableReader.java:160)
	... 22 more
2024-02-16 11:21:56,722 : ERROR : main :  : ExcelTableReaderNodeDialog : Excel Reader : 3:1 : Error loading model settings
java.lang.NullPointerException: Cannot invoke "String.isEmpty()" because "sheetName" is null
	at org.knime.ext.poi3.node.io.filehandling.excel.reader.SheetSelectionComponent.loadExcelSettings(SheetSelectionComponent.java:401)
	at org.knime.ext.poi3.node.io.filehandling.excel.reader.ExcelTableReaderNodeDialog.loadExcelSettings(ExcelTableReaderNodeDialog.java:902)
	at org.knime.ext.poi3.node.io.filehandling.excel.reader.ExcelTableReaderNodeDialog.loadSettings(ExcelTableReaderNodeDialog.java:740)
	at org.knime.ext.poi3.node.io.filehandling.excel.reader.ExcelTableReaderNodeDialog.loadSettings(ExcelTableReaderNodeDialog.java:1)
	at org.knime.filehandling.core.node.table.reader.preview.dialog.AbstractTableReaderNodeDialog.loadSettingsFrom(AbstractTableReaderNodeDialog.java:281)
	at org.knime.core.node.NodeDialogPane.callDerivedLoadSettingsFrom(NodeDialogPane.java:521)
	at org.knime.core.node.NodeDialogPane$3.run(NodeDialogPane.java:474)
	at org.knime.core.node.util.ViewUtils$3.run(ViewUtils.java:353)
	at org.knime.core.node.util.ViewUtils$2.run(ViewUtils.java:155)
	at java.desktop/java.awt.event.InvocationEvent.dispatch(Unknown Source)
	at java.desktop/java.awt.EventQueue.dispatchEventImpl(Unknown Source)
	at java.desktop/java.awt.EventQueue$4.run(Unknown Source)
	at java.desktop/java.awt.EventQueue$4.run(Unknown Source)
	at java.base/java.security.AccessController.doPrivileged(Unknown Source)
	at java.base/java.security.ProtectionDomain$JavaSecurityAccessImpl.doIntersectionPrivilege(Unknown Source)
	at java.desktop/java.awt.EventQueue.dispatchEvent(Unknown Source)
	at java.desktop/java.awt.EventDispatchThread.pumpOneEventForFilters(Unknown Source)
	at java.desktop/java.awt.EventDispatchThread.pumpEventsForFilter(Unknown Source)
	at java.desktop/java.awt.EventDispatchThread.pumpEventsForHierarchy(Unknown Source)
	at java.desktop/java.awt.EventDispatchThread.pumpEvents(Unknown Source)
	at java.desktop/java.awt.EventDispatchThread.pumpEvents(Unknown Source)
	at java.desktop/java.awt.EventDispatchThread.run(Unknown Source)
2024-02-16 11:22:49,243 : WARN  : KNIME-Worker-1-Excel Reader 3:1 :  : Node : CSV Writer : 3:2 : Please specify a file
2024-02-16 11:25:21,241 : WARN  : comm-pool-thread-6 :  : Node : CSV Reader : 3:2 : Please specify a file
2024-02-16 11:30:21,591 : ERROR : main :  : CEFNodeView :  :  : TypeError: Cannot read properties of null (reading 'filter') (source: http://org.knime.js.pagebuilder/org/knime/core/ui/pagebuilder/app/assets/apWrapper-b6b3fc1e.js; line: 1)
2024-02-16 11:30:21,595 : ERROR : main :  : CEFNodeView :  :  : TypeError: Cannot read properties of null (reading 'filter') (source: http://org.knime.js.pagebuilder/org/knime/core/ui/pagebuilder/app/assets/apWrapper-b6b3fc1e.js; line: 1)
2024-02-16 11:30:21,595 : ERROR : main :  : CEFNodeView :  :  : TypeError: Cannot read properties of null (reading 'filter') (source: http://org.knime.js.pagebuilder/org/knime/core/ui/pagebuilder/app/assets/apWrapper-b6b3fc1e.js; line: 1)
2024-02-16 11:33:33,200 : WARN  : comm-pool-thread-10 :  : Node : Independent groups t-test : 3:4 : Please define a grouping column.
2024-02-16 11:34:22,870 : ERROR : KNIME-Worker-5-Independent groups t-test 3:4 :  : Node : Independent groups t-test : 3:4 : Execute failed: degrees of freedom (-2)
org.apache.commons.math3.exception.NotStrictlyPositiveException: degrees of freedom (-2)
	at org.apache.commons.math3.distribution.FDistribution.<init>(FDistribution.java:144)
	at org.apache.commons.math3.distribution.FDistribution.<init>(FDistribution.java:99)
	at org.apache.commons.math3.distribution.FDistribution.<init>(FDistribution.java:71)
	at org.knime.base.node.stats.testing.levene.LeveneTestStatistics.getLeveneTestTwoGroupsCells(LeveneTestStatistics.java:279)
	at org.knime.base.node.stats.testing.levene.LeveneTestStatistics.getTTestCells(LeveneTestStatistics.java:211)
	at org.knime.base.node.stats.testing.ttest.TwoSampleTTestNodeModel.execute(TwoSampleTTestNodeModel.java:167)
	at org.knime.core.node.NodeModel.execute(NodeModel.java:811)
	at org.knime.core.node.NodeModel.executeModel(NodeModel.java:588)
	at org.knime.core.node.Node.invokeFullyNodeModelExecute(Node.java:1297)
	at org.knime.core.node.Node.execute(Node.java:1059)
	at org.knime.core.node.workflow.NativeNodeContainer.performExecuteNode(NativeNodeContainer.java:595)
	at org.knime.core.node.exec.LocalNodeExecutionJob.mainExecute(LocalNodeExecutionJob.java:98)
	at org.knime.core.node.workflow.NodeExecutionJob.internalRun(NodeExecutionJob.java:201)
	at org.knime.core.node.workflow.NodeExecutionJob.run(NodeExecutionJob.java:117)
	at org.knime.core.util.ThreadUtils$RunnableWithContextImpl.runWithContext(ThreadUtils.java:367)
	at org.knime.core.util.ThreadUtils$RunnableWithContext.run(ThreadUtils.java:221)
	at java.base/java.util.concurrent.Executors$RunnableAdapter.call(Unknown Source)
	at java.base/java.util.concurrent.FutureTask.run(Unknown Source)
	at org.knime.core.util.ThreadPool$MyFuture.run(ThreadPool.java:123)
	at org.knime.core.util.ThreadPool$Worker.run(ThreadPool.java:246)
2024-02-16 11:34:23,790 : ERROR : KNIME-Worker-6-Independent groups t-test 3:4 :  : Node : Independent groups t-test : 3:4 : Execute failed: degrees of freedom (-2)
org.apache.commons.math3.exception.NotStrictlyPositiveException: degrees of freedom (-2)
	at org.apache.commons.math3.distribution.FDistribution.<init>(FDistribution.java:144)
	at org.apache.commons.math3.distribution.FDistribution.<init>(FDistribution.java:99)
	at org.apache.commons.math3.distribution.FDistribution.<init>(FDistribution.java:71)
	at org.knime.base.node.stats.testing.levene.LeveneTestStatistics.getLeveneTestTwoGroupsCells(LeveneTestStatistics.java:279)
	at org.knime.base.node.stats.testing.levene.LeveneTestStatistics.getTTestCells(LeveneTestStatistics.java:211)
	at org.knime.base.node.stats.testing.ttest.TwoSampleTTestNodeModel.execute(TwoSampleTTestNodeModel.java:167)
	at org.knime.core.node.NodeModel.execute(NodeModel.java:811)
	at org.knime.core.node.NodeModel.executeModel(NodeModel.java:588)
	at org.knime.core.node.Node.invokeFullyNodeModelExecute(Node.java:1297)
	at org.knime.core.node.Node.execute(Node.java:1059)
	at org.knime.core.node.workflow.NativeNodeContainer.performExecuteNode(NativeNodeContainer.java:595)
	at org.knime.core.node.exec.LocalNodeExecutionJob.mainExecute(LocalNodeExecutionJob.java:98)
	at org.knime.core.node.workflow.NodeExecutionJob.internalRun(NodeExecutionJob.java:201)
	at org.knime.core.node.workflow.NodeExecutionJob.run(NodeExecutionJob.java:117)
	at org.knime.core.util.ThreadUtils$RunnableWithContextImpl.runWithContext(ThreadUtils.java:367)
	at org.knime.core.util.ThreadUtils$RunnableWithContext.run(ThreadUtils.java:221)
	at java.base/java.util.concurrent.Executors$RunnableAdapter.call(Unknown Source)
	at java.base/java.util.concurrent.FutureTask.run(Unknown Source)
	at org.knime.core.util.ThreadPool$MyFuture.run(ThreadPool.java:123)
	at org.knime.core.util.ThreadPool$Worker.run(ThreadPool.java:246)
2024-02-16 11:34:40,920 : ERROR : KNIME-Worker-5-Independent groups t-test 3:4 :  : Node : Independent groups t-test : 3:4 : Execute failed: degrees of freedom (-2)
org.apache.commons.math3.exception.NotStrictlyPositiveException: degrees of freedom (-2)
	at org.apache.commons.math3.distribution.FDistribution.<init>(FDistribution.java:144)
	at org.apache.commons.math3.distribution.FDistribution.<init>(FDistribution.java:99)
	at org.apache.commons.math3.distribution.FDistribution.<init>(FDistribution.java:71)
	at org.knime.base.node.stats.testing.levene.LeveneTestStatistics.getLeveneTestTwoGroupsCells(LeveneTestStatistics.java:279)
	at org.knime.base.node.stats.testing.levene.LeveneTestStatistics.getTTestCells(LeveneTestStatistics.java:211)
	at org.knime.base.node.stats.testing.ttest.TwoSampleTTestNodeModel.execute(TwoSampleTTestNodeModel.java:167)
	at org.knime.core.node.NodeModel.execute(NodeModel.java:811)
	at org.knime.core.node.NodeModel.executeModel(NodeModel.java:588)
	at org.knime.core.node.Node.invokeFullyNodeModelExecute(Node.java:1297)
	at org.knime.core.node.Node.execute(Node.java:1059)
	at org.knime.core.node.workflow.NativeNodeContainer.performExecuteNode(NativeNodeContainer.java:595)
	at org.knime.core.node.exec.LocalNodeExecutionJob.mainExecute(LocalNodeExecutionJob.java:98)
	at org.knime.core.node.workflow.NodeExecutionJob.internalRun(NodeExecutionJob.java:201)
	at org.knime.core.node.workflow.NodeExecutionJob.run(NodeExecutionJob.java:117)
	at org.knime.core.util.ThreadUtils$RunnableWithContextImpl.runWithContext(ThreadUtils.java:367)
	at org.knime.core.util.ThreadUtils$RunnableWithContext.run(ThreadUtils.java:221)
	at java.base/java.util.concurrent.Executors$RunnableAdapter.call(Unknown Source)
	at java.base/java.util.concurrent.FutureTask.run(Unknown Source)
	at org.knime.core.util.ThreadPool$MyFuture.run(ThreadPool.java:123)
	at org.knime.core.util.ThreadPool$Worker.run(ThreadPool.java:246)
2024-02-16 11:38:10,393 : WARN  : comm-pool-thread-10 :  : Node : Paired t-test : 3:4 : Please select at least one pair.
2024-02-16 11:39:56,527 : WARN  : comm-pool-thread-13 :  : Node : Partitioning : 3:5 : No sampling method selected
2024-02-16 11:41:56,458 : WARN  : comm-pool-thread-13 :  : Node : Decision Tree Learner : 3:6 : Guessing target column: "Cabin".
2024-02-16 11:41:59,819 : WARN  : KNIME-Worker-9-Decision Tree Learner 3:6 :  : Node : Decision Tree Learner : 3:6 : 514 rows removed due to missing class value;
2024-02-16 11:43:40,312 : WARN  : KNIME-Worker-10-Decision Tree Learner 3:6 :  : Node : Decision Tree Learner : 3:6 : 514 rows removed due to missing class value;
2024-02-16 11:43:56,707 : WARN  : comm-pool-thread-14 :  : Node : Scorer : 3:8 : No columns selected yet.
2024-02-16 11:43:58,372 : WARN  : KNIME-Worker-11-Decision Tree Predictor 3:7 :  : Node : Scorer : 3:8 : No columns selected yet.
2024-02-16 11:44:06,661 : WARN  : KNIME-Worker-10-Scorer 3:8 :  : Node : Scorer : 3:8 : There were missing values in the reference or in the prediction class columns.
2024-02-16 11:46:25,558 : WARN  : main :  : Node : Scorer : 3:8 : Column 'Prediction (Cabin)' not found.
2024-02-16 11:46:26,441 : WARN  : main :  : Node : Scorer : 3:8 : Column 'Prediction (Cabin)' not found.
2024-02-16 11:46:27,943 : WARN  : KNIME-Worker-12-Decision Tree Predictor 3:7 :  : Node : Scorer : 3:8 : Column 'Prediction (Cabin)' not found.
2024-02-16 11:47:05,740 : WARN  : KNIME-Worker-13-Scorer 3:8 :  : Node : Scorer : 3:8 : There were missing values in the reference or in the prediction class columns.
2024-02-16 11:47:31,213 : WARN  : main :  : WrappedNodeDialog : Scorer : 3:8 : failed to apply settings: First and second column cannot be the same.
org.knime.core.node.InvalidSettingsException: First and second column cannot be the same.
	at org.knime.base.node.mine.scorer.accuracy.AccuracyScorer2NodeDialog.saveSettingsTo(AccuracyScorer2NodeDialog.java:349)
	at org.knime.core.node.NodeDialogPane.internalSaveSettingsTo(NodeDialogPane.java:539)
	at org.knime.core.node.NodeDialogPane$4.run(NodeDialogPane.java:778)
	at org.knime.core.node.util.ViewUtils$3.run(ViewUtils.java:353)
	at org.knime.core.node.util.ViewUtils$2.run(ViewUtils.java:155)
	at java.desktop/java.awt.event.InvocationEvent.dispatch(Unknown Source)
	at java.desktop/java.awt.EventQueue.dispatchEventImpl(Unknown Source)
	at java.desktop/java.awt.EventQueue$4.run(Unknown Source)
	at java.desktop/java.awt.EventQueue$4.run(Unknown Source)
	at java.base/java.security.AccessController.doPrivileged(Unknown Source)
	at java.base/java.security.ProtectionDomain$JavaSecurityAccessImpl.doIntersectionPrivilege(Unknown Source)
	at java.desktop/java.awt.EventQueue.dispatchEvent(Unknown Source)
	at java.desktop/java.awt.EventDispatchThread.pumpOneEventForFilters(Unknown Source)
	at java.desktop/java.awt.EventDispatchThread.pumpEventsForFilter(Unknown Source)
	at java.desktop/java.awt.EventDispatchThread.pumpEventsForHierarchy(Unknown Source)
	at java.desktop/java.awt.EventDispatchThread.pumpEvents(Unknown Source)
	at java.desktop/java.awt.EventDispatchThread.pumpEvents(Unknown Source)
	at java.desktop/java.awt.EventDispatchThread.run(Unknown Source)
2024-02-16 11:48:03,842 : WARN  : KNIME-Worker-12-Scorer 3:8 :  : Node : Scorer : 3:8 : There were missing values in the reference or in the prediction class columns.
2024-02-16 11:56:15,507 : WARN  : KNIME-Worker-16-Decision Tree Learner 3:6 :  : Node : Decision Tree Learner : 3:6 : 519 rows removed due to missing class value;
2024-02-16 11:56:24,467 : WARN  : KNIME-Worker-16-Scorer 3:8 :  : Node : Scorer : 3:8 : There were missing values in the reference or in the prediction class columns.
2024-02-16 11:56:55,787 : WARN  : KNIME-Worker-16-Decision Tree Learner 3:6 :  : Node : Decision Tree Learner : 3:6 : 520 rows removed due to missing class value;
2024-02-16 11:57:18,320 : WARN  : KNIME-Worker-16-Decision Tree Learner 3:6 :  : Node : Decision Tree Learner : 3:6 : 517 rows removed due to missing class value;
2024-02-16 11:57:33,918 : WARN  : KNIME-Worker-16-Decision Tree Learner 3:6 :  : Node : Decision Tree Learner : 3:6 : 522 rows removed due to missing class value;
2024-02-16 11:58:26,967 : WARN  : KNIME-Worker-15-Decision Tree Learner 3:6 :  : Node : Decision Tree Learner : 3:6 : 522 rows removed due to missing class value;
2024-02-16 11:58:43,933 : WARN  : KNIME-Worker-15-Decision Tree Learner 3:6 :  : Node : Decision Tree Learner : 3:6 : 519 rows removed due to missing class value;
2024-02-16 11:58:47,079 : WARN  : KNIME-Worker-15-Scorer 3:8 :  : Node : Scorer : 3:8 : There were missing values in the reference or in the prediction class columns.
2024-02-16 11:59:37,316 : WARN  : KNIME-Worker-16-Decision Tree Learner 3:6 :  : Node : Decision Tree Learner : 3:6 : 516 rows removed due to missing class value;
2024-02-16 11:59:41,562 : WARN  : KNIME-Worker-16-Scorer 3:8 :  : Node : Scorer : 3:8 : There were missing values in the reference or in the prediction class columns.
2024-02-16 12:00:26,197 : WARN  : KNIME-Worker-16-Decision Tree Learner 3:6 :  : Node : Decision Tree Learner : 3:6 : 511 rows removed due to missing class value;
2024-02-16 12:00:28,411 : WARN  : KNIME-Worker-16-Scorer 3:8 :  : Node : Scorer : 3:8 : There were missing values in the reference or in the prediction class columns.
2024-02-16 12:01:10,512 : WARN  : KNIME-Worker-16-Decision Tree Learner 3:6 :  : Node : Decision Tree Learner : 3:6 : 526 rows removed due to missing class value;
2024-02-16 12:01:12,661 : WARN  : KNIME-Worker-16-Scorer 3:8 :  : Node : Scorer : 3:8 : There were missing values in the reference or in the prediction class columns.
2024-02-16 12:02:06,617 : WARN  : comm-pool-thread-26 :  : Node : Decision Tree Learner : 3:6 : Class column "Cabin" not found or incompatible
2024-02-16 12:02:09,262 : ERROR : main :  : CEFNodeView :  :  : TypeError: Cannot read properties of null (reading 'filter') (source: http://org.knime.js.pagebuilder/org/knime/core/ui/pagebuilder/app/assets/apWrapper-b6b3fc1e.js; line: 1)
2024-02-16 12:02:09,266 : ERROR : main :  : CEFNodeView :  :  : TypeError: Cannot read properties of null (reading 'filter') (source: http://org.knime.js.pagebuilder/org/knime/core/ui/pagebuilder/app/assets/apWrapper-b6b3fc1e.js; line: 1)
2024-02-16 12:02:09,267 : ERROR : main :  : CEFNodeView :  :  : TypeError: Cannot read properties of null (reading 'filter') (source: http://org.knime.js.pagebuilder/org/knime/core/ui/pagebuilder/app/assets/apWrapper-b6b3fc1e.js; line: 1)
2024-02-16 12:02:44,964 : ERROR : main :  : CEFNodeView :  :  : TypeError: Cannot read properties of null (reading 'filter') (source: http://org.knime.js.pagebuilder/org/knime/core/ui/pagebuilder/app/assets/apWrapper-b6b3fc1e.js; line: 1)
2024-02-16 12:02:44,969 : ERROR : main :  : CEFNodeView :  :  : TypeError: Cannot read properties of null (reading 'filter') (source: http://org.knime.js.pagebuilder/org/knime/core/ui/pagebuilder/app/assets/apWrapper-b6b3fc1e.js; line: 1)
2024-02-16 12:02:44,969 : ERROR : main :  : CEFNodeView :  :  : TypeError: Cannot read properties of null (reading 'filter') (source: http://org.knime.js.pagebuilder/org/knime/core/ui/pagebuilder/app/assets/apWrapper-b6b3fc1e.js; line: 1)
2024-02-16 12:07:43,137 : ERROR : main :  : NodeSettingsToJsonFormsSettings : Column Renamer : 3:11 : Failed to load settings ('Config for key "renamings" not found.'). New settings are created for the dialog.
org.knime.core.node.InvalidSettingsException: Config for key "renamings" not found.
	at org.knime.core.node.config.Config.getConfig(Config.java:516)
	at org.knime.core.node.NodeSettings.getNodeSettings(NodeSettings.java:141)
	at org.knime.core.node.NodeSettings.getNodeSettings(NodeSettings.java:1)
	at jdk.internal.reflect.GeneratedMethodAccessor262.invoke(Unknown Source)
	at java.base/jdk.internal.reflect.DelegatingMethodAccessorImpl.invoke(Unknown Source)
	at java.base/java.lang.reflect.Method.invoke(Unknown Source)
	at org.knime.core.webui.node.dialog.NodeAndVariableSettingsProxy.lambda$1(NodeAndVariableSettingsProxy.java:94)
	at org.knime.core.webui.node.dialog.$Proxy71.getNodeSettings(Unknown Source)
	at org.knime.core.webui.node.dialog.defaultdialog.persistence.field.FieldNodeSettingsPersistorFactory$ArrayFieldPersistor.load(FieldNodeSettingsPersistorFactory.java:252)
	at org.knime.core.webui.node.dialog.defaultdialog.persistence.field.FieldNodeSettingsPersistorFactory$ArrayFieldPersistor.load(FieldNodeSettingsPersistorFactory.java:1)
	at org.knime.core.webui.node.dialog.defaultdialog.persistence.field.FieldBasedNodeSettingsPersistor.lambda$2(FieldBasedNodeSettingsPersistor.java:113)
	at org.knime.core.webui.node.dialog.defaultdialog.persistence.field.FieldBasedNodeSettingsPersistor.useBlackMagicToAccessFields(FieldBasedNodeSettingsPersistor.java:124)
	at org.knime.core.webui.node.dialog.defaultdialog.persistence.field.FieldBasedNodeSettingsPersistor.load(FieldBasedNodeSettingsPersistor.java:113)
	at org.knime.core.webui.node.dialog.defaultdialog.persistence.field.FieldBasedNodeSettingsPersistor.load(FieldBasedNodeSettingsPersistor.java:1)
	at org.knime.core.webui.node.dialog.defaultdialog.DefaultNodeSettings.loadSettings(DefaultNodeSettings.java:370)
	at org.knime.core.webui.node.dialog.defaultdialog.settingsconversion.NodeSettingsToJsonFormsSettings.fromNodeSettingsToDefaultNodeSettings(NodeSettingsToJsonFormsSettings.java:131)
	at org.knime.core.webui.node.dialog.defaultdialog.settingsconversion.NodeSettingsToJsonFormsSettings.fromNodeSettingsToDefaultNodeSettingsOrDefault(NodeSettingsToJsonFormsSettings.java:137)
	at org.knime.core.webui.node.dialog.defaultdialog.settingsconversion.NodeSettingsToJsonFormsSettings$GetSettings.getDefaultNodeSettingsUnchecked(NodeSettingsToJsonFormsSettings.java:156)
	at org.knime.core.webui.node.dialog.defaultdialog.settingsconversion.NodeSettingsToJsonFormsSettings.allNodeSettingsToJsonFormsSettings(NodeSettingsToJsonFormsSettings.java:124)
	at org.knime.core.webui.node.dialog.defaultdialog.settingsconversion.NodeSettingsToJsonFormsSettings.nodeSettingsToJsonFormsSettingsOrDefault(NodeSettingsToJsonFormsSettings.java:115)
	at org.knime.core.webui.node.dialog.defaultdialog.DefaultNodeSettingsService.fromNodeSettings(DefaultNodeSettingsService.java:117)
	at org.knime.core.webui.node.dialog.InitialData.get(InitialData.java:97)
	at org.knime.core.webui.data.InitialDataService.getInitialData(InitialDataService.java:115)
	at org.knime.core.webui.node.DataServiceManager.callInitialDataService(DataServiceManager.java:137)
	at org.knime.gateway.api.entity.NodeUIExtensionEnt.<init>(NodeUIExtensionEnt.java:118)
	at org.knime.gateway.api.entity.NodeUIExtensionEnt.<init>(NodeUIExtensionEnt.java:88)
	at org.knime.gateway.api.entity.NodeDialogEnt.<init>(NodeDialogEnt.java:74)
	at org.knime.js.cef.pagebuilder.PageBuilderUtil$NodeUIExtensionEnts.<init>(PageBuilderUtil.java:328)
	at org.knime.js.cef.pagebuilder.PageBuilderUtil.initializePageBuilderForView(PageBuilderUtil.java:117)
	at org.knime.js.cef.nodeview.CEFNodeView.lambda$6(CEFNodeView.java:389)
	at org.knime.js.cef.nodeview.CEFNodeView$3.completed(CEFNodeView.java:403)
	at com.equo.chromium.swt.internal.Chromium.lambda$10(Chromium.java:861)
	at org.eclipse.swt.widgets.RunnableLock.run(RunnableLock.java:40)
	at org.eclipse.swt.widgets.Synchronizer.runAsyncMessages(Synchronizer.java:132)
	at org.eclipse.swt.widgets.Display.runAsyncMessages(Display.java:4368)
	at org.eclipse.swt.widgets.Display.readAndDispatch(Display.java:3991)
	at org.knime.js.cef.nodeview.CEFNodeView.blockUntilDisposed(CEFNodeView.java:442)
	at org.knime.js.cef.nodeview.CEFNodeView.callOpenView(CEFNodeView.java:331)
	at org.knime.core.node.AbstractNodeView.openView(AbstractNodeView.java:197)
	at org.knime.core.node.Node.invokeOpenView(Node.java:2739)
	at org.knime.workbench.editor2.actions.OpenNodeViewAction.openNodeView(OpenNodeViewAction.java:146)
	at org.knime.workbench.editor2.editparts.NodeContainerEditPart.openNodeDialog(NodeContainerEditPart.java:862)
	at org.knime.ui.java.api.NodeAPI.openNodeDialog(NodeAPI.java:97)
	at jdk.internal.reflect.GeneratedMethodAccessor180.invoke(Unknown Source)
	at java.base/jdk.internal.reflect.DelegatingMethodAccessorImpl.invoke(Unknown Source)
	at java.base/java.lang.reflect.Method.invoke(Unknown Source)
	at org.knime.ui.java.api.DesktopAPI.invokeMethod(DesktopAPI.java:167)
	at org.knime.ui.java.api.DesktopAPI.lambda$1(DesktopAPI.java:138)
	at org.eclipse.swt.widgets.RunnableLock.run(RunnableLock.java:40)
	at org.eclipse.swt.widgets.Synchronizer.runAsyncMessages(Synchronizer.java:132)
	at org.eclipse.swt.widgets.Display.runAsyncMessages(Display.java:4368)
	at org.eclipse.swt.widgets.Display.readAndDispatch(Display.java:3991)
	at org.eclipse.e4.ui.internal.workbench.swt.PartRenderingEngine$5.run(PartRenderingEngine.java:1155)
	at org.eclipse.core.databinding.observable.Realm.runWithDefault(Realm.java:338)
	at org.eclipse.e4.ui.internal.workbench.swt.PartRenderingEngine.run(PartRenderingEngine.java:1046)
	at org.eclipse.e4.ui.internal.workbench.E4Workbench.createAndRunUI(E4Workbench.java:155)
	at org.eclipse.ui.internal.Workbench.lambda$3(Workbench.java:643)
	at org.eclipse.core.databinding.observable.Realm.runWithDefault(Realm.java:338)
	at org.eclipse.ui.internal.Workbench.createAndRunWorkbench(Workbench.java:550)
	at org.eclipse.ui.PlatformUI.createAndRunWorkbench(PlatformUI.java:171)
	at org.knime.product.rcp.KNIMEApplication.start(KNIMEApplication.java:204)
	at org.eclipse.equinox.internal.app.EclipseAppHandle.run(EclipseAppHandle.java:203)
	at org.eclipse.core.runtime.internal.adaptor.EclipseAppLauncher.runApplication(EclipseAppLauncher.java:136)
	at org.eclipse.core.runtime.internal.adaptor.EclipseAppLauncher.start(EclipseAppLauncher.java:104)
	at org.eclipse.core.runtime.adaptor.EclipseStarter.run(EclipseStarter.java:402)
	at org.eclipse.core.runtime.adaptor.EclipseStarter.run(EclipseStarter.java:255)
	at java.base/jdk.internal.reflect.NativeMethodAccessorImpl.invoke0(Native Method)
	at java.base/jdk.internal.reflect.NativeMethodAccessorImpl.invoke(Unknown Source)
	at java.base/jdk.internal.reflect.DelegatingMethodAccessorImpl.invoke(Unknown Source)
	at java.base/java.lang.reflect.Method.invoke(Unknown Source)
	at org.eclipse.equinox.launcher.Main.invokeFramework(Main.java:659)
	at org.eclipse.equinox.launcher.Main.basicRun(Main.java:596)
	at org.eclipse.equinox.launcher.Main.run(Main.java:1467)
2024-02-16 12:10:01,943 : ERROR : main :  : NodeSettingsToJsonFormsSettings : Column Filter : 3:12 : Failed to load settings ('Config for key "column-filter" not found.'). New settings are created for the dialog.
org.knime.core.node.InvalidSettingsException: Config for key "column-filter" not found.
	at org.knime.core.node.config.Config.getConfig(Config.java:516)
	at org.knime.core.node.NodeSettings.getNodeSettings(NodeSettings.java:141)
	at org.knime.core.node.NodeSettings.getNodeSettings(NodeSettings.java:1)
	at jdk.internal.reflect.GeneratedMethodAccessor262.invoke(Unknown Source)
	at java.base/jdk.internal.reflect.DelegatingMethodAccessorImpl.invoke(Unknown Source)
	at java.base/java.lang.reflect.Method.invoke(Unknown Source)
	at org.knime.core.webui.node.dialog.NodeAndVariableSettingsProxy.lambda$1(NodeAndVariableSettingsProxy.java:94)
	at org.knime.core.webui.node.dialog.$Proxy71.getNodeSettings(Unknown Source)
	at org.knime.core.webui.node.dialog.defaultdialog.setting.columnfilter.LegacyColumnFilterPersistor.load(LegacyColumnFilterPersistor.java:129)
	at org.knime.core.webui.node.dialog.defaultdialog.setting.columnfilter.LegacyColumnFilterPersistor.load(LegacyColumnFilterPersistor.java:289)
	at org.knime.core.webui.node.dialog.defaultdialog.setting.columnfilter.LegacyColumnFilterPersistor.load(LegacyColumnFilterPersistor.java:1)
	at org.knime.core.webui.node.dialog.defaultdialog.persistence.field.FieldBasedNodeSettingsPersistor.lambda$2(FieldBasedNodeSettingsPersistor.java:113)
	at org.knime.core.webui.node.dialog.defaultdialog.persistence.field.FieldBasedNodeSettingsPersistor.useBlackMagicToAccessFields(FieldBasedNodeSettingsPersistor.java:124)
	at org.knime.core.webui.node.dialog.defaultdialog.persistence.field.FieldBasedNodeSettingsPersistor.load(FieldBasedNodeSettingsPersistor.java:113)
	at org.knime.core.webui.node.dialog.defaultdialog.persistence.field.FieldBasedNodeSettingsPersistor.load(FieldBasedNodeSettingsPersistor.java:1)
	at org.knime.core.webui.node.dialog.defaultdialog.DefaultNodeSettings.loadSettings(DefaultNodeSettings.java:370)
	at org.knime.core.webui.node.dialog.defaultdialog.settingsconversion.NodeSettingsToJsonFormsSettings.fromNodeSettingsToDefaultNodeSettings(NodeSettingsToJsonFormsSettings.java:131)
	at org.knime.core.webui.node.dialog.defaultdialog.settingsconversion.NodeSettingsToJsonFormsSettings.fromNodeSettingsToDefaultNodeSettingsOrDefault(NodeSettingsToJsonFormsSettings.java:137)
	at org.knime.core.webui.node.dialog.defaultdialog.settingsconversion.NodeSettingsToJsonFormsSettings$GetSettings.getDefaultNodeSettingsUnchecked(NodeSettingsToJsonFormsSettings.java:156)
	at org.knime.core.webui.node.dialog.defaultdialog.settingsconversion.NodeSettingsToJsonFormsSettings.allNodeSettingsToJsonFormsSettings(NodeSettingsToJsonFormsSettings.java:124)
	at org.knime.core.webui.node.dialog.defaultdialog.settingsconversion.NodeSettingsToJsonFormsSettings.nodeSettingsToJsonFormsSettingsOrDefault(NodeSettingsToJsonFormsSettings.java:115)
	at org.knime.core.webui.node.dialog.defaultdialog.DefaultNodeSettingsService.fromNodeSettings(DefaultNodeSettingsService.java:117)
	at org.knime.core.webui.node.dialog.InitialData.get(InitialData.java:97)
	at org.knime.core.webui.data.InitialDataService.getInitialData(InitialDataService.java:115)
	at org.knime.core.webui.node.DataServiceManager.callInitialDataService(DataServiceManager.java:137)
	at org.knime.gateway.api.entity.NodeUIExtensionEnt.<init>(NodeUIExtensionEnt.java:118)
	at org.knime.gateway.api.entity.NodeUIExtensionEnt.<init>(NodeUIExtensionEnt.java:88)
	at org.knime.gateway.api.entity.NodeDialogEnt.<init>(NodeDialogEnt.java:74)
	at org.knime.js.cef.pagebuilder.PageBuilderUtil$NodeUIExtensionEnts.<init>(PageBuilderUtil.java:328)
	at org.knime.js.cef.pagebuilder.PageBuilderUtil.initializePageBuilderForView(PageBuilderUtil.java:117)
	at org.knime.js.cef.nodeview.CEFNodeView.lambda$6(CEFNodeView.java:389)
	at org.knime.js.cef.nodeview.CEFNodeView$3.completed(CEFNodeView.java:403)
	at com.equo.chromium.swt.internal.Chromium.lambda$10(Chromium.java:861)
	at org.eclipse.swt.widgets.RunnableLock.run(RunnableLock.java:40)
	at org.eclipse.swt.widgets.Synchronizer.runAsyncMessages(Synchronizer.java:132)
	at org.eclipse.swt.widgets.Display.runAsyncMessages(Display.java:4368)
	at org.eclipse.swt.widgets.Display.readAndDispatch(Display.java:3991)
	at org.knime.js.cef.nodeview.CEFNodeView.blockUntilDisposed(CEFNodeView.java:442)
	at org.knime.js.cef.nodeview.CEFNodeView.callOpenView(CEFNodeView.java:331)
	at org.knime.core.node.AbstractNodeView.openView(AbstractNodeView.java:197)
	at org.knime.core.node.Node.invokeOpenView(Node.java:2739)
	at org.knime.workbench.editor2.actions.OpenNodeViewAction.openNodeView(OpenNodeViewAction.java:146)
	at org.knime.workbench.editor2.editparts.NodeContainerEditPart.openNodeDialog(NodeContainerEditPart.java:862)
	at org.knime.ui.java.api.NodeAPI.openNodeDialog(NodeAPI.java:97)
	at jdk.internal.reflect.GeneratedMethodAccessor180.invoke(Unknown Source)
	at java.base/jdk.internal.reflect.DelegatingMethodAccessorImpl.invoke(Unknown Source)
	at java.base/java.lang.reflect.Method.invoke(Unknown Source)
	at org.knime.ui.java.api.DesktopAPI.invokeMethod(DesktopAPI.java:167)
	at org.knime.ui.java.api.DesktopAPI.lambda$1(DesktopAPI.java:138)
	at org.eclipse.swt.widgets.RunnableLock.run(RunnableLock.java:40)
	at org.eclipse.swt.widgets.Synchronizer.runAsyncMessages(Synchronizer.java:132)
	at org.eclipse.swt.widgets.Display.runAsyncMessages(Display.java:4368)
	at org.eclipse.swt.widgets.Display.readAndDispatch(Display.java:3991)
	at org.eclipse.e4.ui.internal.workbench.swt.PartRenderingEngine$5.run(PartRenderingEngine.java:1155)
	at org.eclipse.core.databinding.observable.Realm.runWithDefault(Realm.java:338)
	at org.eclipse.e4.ui.internal.workbench.swt.PartRenderingEngine.run(PartRenderingEngine.java:1046)
	at org.eclipse.e4.ui.internal.workbench.E4Workbench.createAndRunUI(E4Workbench.java:155)
	at org.eclipse.ui.internal.Workbench.lambda$3(Workbench.java:643)
	at org.eclipse.core.databinding.observable.Realm.runWithDefault(Realm.java:338)
	at org.eclipse.ui.internal.Workbench.createAndRunWorkbench(Workbench.java:550)
	at org.eclipse.ui.PlatformUI.createAndRunWorkbench(PlatformUI.java:171)
	at org.knime.product.rcp.KNIMEApplication.start(KNIMEApplication.java:204)
	at org.eclipse.equinox.internal.app.EclipseAppHandle.run(EclipseAppHandle.java:203)
	at org.eclipse.core.runtime.internal.adaptor.EclipseAppLauncher.runApplication(EclipseAppLauncher.java:136)
	at org.eclipse.core.runtime.internal.adaptor.EclipseAppLauncher.start(EclipseAppLauncher.java:104)
	at org.eclipse.core.runtime.adaptor.EclipseStarter.run(EclipseStarter.java:402)
	at org.eclipse.core.runtime.adaptor.EclipseStarter.run(EclipseStarter.java:255)
	at java.base/jdk.internal.reflect.NativeMethodAccessorImpl.invoke0(Native Method)
	at java.base/jdk.internal.reflect.NativeMethodAccessorImpl.invoke(Unknown Source)
	at java.base/jdk.internal.reflect.DelegatingMethodAccessorImpl.invoke(Unknown Source)
	at java.base/java.lang.reflect.Method.invoke(Unknown Source)
	at org.eclipse.equinox.launcher.Main.invokeFramework(Main.java:659)
	at org.eclipse.equinox.launcher.Main.basicRun(Main.java:596)
	at org.eclipse.equinox.launcher.Main.run(Main.java:1467)
2024-02-16 12:12:42,422 : WARN  : KNIME-Worker-20-Decision Tree Learner 3:6 :  : Node : Decision Tree Learner : 3:6 : 516 rows removed due to missing class value;
2024-02-16 12:13:38,288 : WARN  : KNIME-Worker-19-Decision Tree Learner 3:6 :  : Node : Decision Tree Learner : 3:6 : 516 rows removed due to missing class value;
2024-02-16 12:14:33,594 : WARN  : KNIME-Worker-21-Extract Missing Value Cause 3:13 :  : Node : Decision Tree Predictor : 3:7 : Learning column "Survived (error cause)" not found in input data to be predicted
2024-02-16 12:14:35,783 : WARN  : KNIME-Worker-19-Decision Tree Learner 3:6 :  : Node : Decision Tree Learner : 3:6 : 516 rows removed due to missing class value;
2024-02-16 12:14:35,784 : WARN  : KNIME-Worker-19-Decision Tree Learner 3:6 :  : Node : Decision Tree Predictor : 3:7 : Learning column "Survived (error cause)" not found in input data to be predicted
2024-02-16 12:14:52,670 : WARN  : KNIME-Worker-21-Decision Tree Learner 3:6 :  : Node : Decision Tree Learner : 3:6 : 516 rows removed due to missing class value;
2024-02-16 12:15:59,706 : WARN  : KNIME-Worker-19-Missing Value 3:13 :  : Node : Missing Value : 3:13 : Column "Cabin" still contains missing values.
Column "Age" still contains missing values.
2024-02-16 12:17:22,090 : WARN  : KNIME-Worker-22-Extract Missing Value Cause 3:13 :  : Node : Decision Tree Predictor : 3:7 : Learning column "Age (error cause)" not found in input data to be predicted
2024-02-16 12:17:31,566 : WARN  : KNIME-Worker-23-Decision Tree Learner 3:6 :  : Node : Decision Tree Learner : 3:6 : 516 rows removed due to missing class value;
2024-02-16 12:17:31,568 : WARN  : KNIME-Worker-23-Decision Tree Learner 3:6 :  : Node : Decision Tree Predictor : 3:7 : Learning column "Age (error cause)" not found in input data to be predicted
2024-02-16 12:17:54,170 : WARN  : KNIME-Worker-22-Extract Missing Value Cause 3:13 :  : Node : Decision Tree Predictor : 3:7 : Learning column "Survived (error cause)" not found in input data to be predicted
2024-02-16 12:17:55,582 : WARN  : KNIME-Worker-23-Decision Tree Learner 3:6 :  : Node : Decision Tree Learner : 3:6 : 516 rows removed due to missing class value;
2024-02-16 12:17:55,584 : WARN  : KNIME-Worker-23-Decision Tree Learner 3:6 :  : Node : Decision Tree Predictor : 3:7 : Learning column "Survived (error cause)" not found in input data to be predicted
2024-02-16 12:18:05,273 : WARN  : KNIME-Worker-22-Extract Missing Value Cause 3:13 :  : Node : Decision Tree Predictor : 3:7 : Learning column "Survived (error cause)" not found in input data to be predicted
2024-02-16 12:18:06,485 : WARN  : KNIME-Worker-23-Decision Tree Learner 3:6 :  : Node : Decision Tree Learner : 3:6 : 516 rows removed due to missing class value;
2024-02-16 12:18:06,497 : WARN  : KNIME-Worker-23-Decision Tree Learner 3:6 :  : Node : Decision Tree Predictor : 3:7 : Learning column "Survived (error cause)" not found in input data to be predicted
2024-02-16 12:18:18,651 : WARN  : KNIME-Worker-22-Decision Tree Learner 3:6 :  : Node : Decision Tree Learner : 3:6 : 516 rows removed due to missing class value;
2024-02-16 12:19:03,585 : WARN  : KNIME-Worker-23-Decision Tree Learner 3:6 :  : Node : Decision Tree Learner : 3:6 : 516 rows removed due to missing class value;
2024-02-16 12:19:28,583 : WARN  : KNIME-Worker-22-Decision Tree Learner 3:6 :  : Node : Decision Tree Learner : 3:6 : 516 rows removed due to missing class value;
2024-02-16 12:24:28,546 : WARN  : KNIME-Worker-24-Decision Tree Learner 3:6 :  : Node : Decision Tree Learner : 3:6 : 507 rows removed due to missing class value;
2024-02-16 12:27:15,029 : WARN  : KNIME-Worker-27-Missing Value 3:13 :  : Node : Missing Value : 3:13 : Column "Cabin" still contains missing values.
Column "Age" still contains missing values.
Column "Embarked" still contains missing values.
2024-02-16 12:27:41,210 : WARN  : KNIME-Worker-26-Missing Value 3:13 :  : Node : Missing Value : 3:13 : The current settings use missing value handling methods that cannot be represented in PMML 4.2.
2024-02-16 12:28:09,592 : ERROR : comm-pool-thread-49 :  : Node : Decision Tree Predictor : 3:7 : Configure failed (NoSuchElementException): null
java.util.NoSuchElementException
	at java.base/java.util.LinkedList$ListItr.next(Unknown Source)
	at java.base/java.util.Collections$UnmodifiableCollection$1.next(Unknown Source)
	at org.knime.base.node.mine.decisiontree2.predictor2.DecTreePredictorNodeModel.createOutTableSpec(DecTreePredictorNodeModel.java:470)
	at org.knime.base.node.mine.decisiontree2.predictor2.DecTreePredictorNodeModel.configure(DecTreePredictorNodeModel.java:416)
	at org.knime.core.node.NodeModel.configureModel(NodeModel.java:1130)
	at org.knime.core.node.Node.invokeNodeModelConfigure(Node.java:2013)
	at org.knime.core.node.Node.configure(Node.java:1949)
	at org.knime.core.node.workflow.NativeNodeContainer.performConfigure(NativeNodeContainer.java:566)
	at org.knime.core.node.workflow.SingleNodeContainer.callNodeConfigure(SingleNodeContainer.java:315)
	at org.knime.core.node.workflow.SingleNodeContainer.configure(SingleNodeContainer.java:200)
	at org.knime.core.node.workflow.WorkflowManager.configureSingleNodeContainer(WorkflowManager.java:6743)
	at org.knime.core.node.workflow.WorkflowManager.configureNodeAndPortSuccessors(WorkflowManager.java:6902)
	at org.knime.core.node.workflow.WorkflowManager.configureNodeAndSuccessors(WorkflowManager.java:6845)
	at org.knime.core.node.workflow.WorkflowManager.resetAndConfigureNodeAndSuccessors(WorkflowManager.java:5519)
	at org.knime.core.node.workflow.WorkflowManager.resetAndConfigureNode(WorkflowManager.java:5440)
	at org.knime.core.node.workflow.WorkflowManager.addConnection(WorkflowManager.java:1425)
	at org.knime.core.node.workflow.WorkflowManager.addConnection(WorkflowManager.java:1341)
	at org.knime.gateway.impl.webui.service.commands.util.NodeConnector.connect(NodeConnector.java:240)
	at org.knime.gateway.impl.webui.service.commands.Connect.executeWithLockedWorkflow(Connect.java:97)
	at org.knime.gateway.impl.webui.service.commands.AbstractWorkflowCommand.execute(AbstractWorkflowCommand.java:76)
	at org.knime.gateway.impl.webui.service.commands.WorkflowCommands.executeCommandAndModifyCommandStacks(WorkflowCommands.java:284)
	at org.knime.gateway.impl.webui.service.commands.WorkflowCommands.execute(WorkflowCommands.java:175)
	at org.knime.gateway.impl.webui.service.DefaultWorkflowService.executeWorkflowCommand(DefaultWorkflowService.java:164)
	at org.knime.gateway.impl.webui.jsonrpc.service.JsonRpcWorkflowServiceWrapper.executeWorkflowCommand(JsonRpcWorkflowServiceWrapper.java:91)
	at jdk.internal.reflect.GeneratedMethodAccessor135.invoke(Unknown Source)
	at java.base/jdk.internal.reflect.DelegatingMethodAccessorImpl.invoke(Unknown Source)
	at java.base/java.lang.reflect.Method.invoke(Unknown Source)
	at com.googlecode.jsonrpc4j.JsonRpcBasicServer.invoke(JsonRpcBasicServer.java:478)
	at com.googlecode.jsonrpc4j.JsonRpcBasicServer.handleObject(JsonRpcBasicServer.java:349)
	at com.googlecode.jsonrpc4j.JsonRpcBasicServer.handleJsonNodeRequest(JsonRpcBasicServer.java:274)
	at com.googlecode.jsonrpc4j.JsonRpcBasicServer.handleRequest(JsonRpcBasicServer.java:242)
	at org.knime.gateway.impl.jsonrpc.JsonRpcRequestHandler.handle(JsonRpcRequestHandler.java:104)
	at org.knime.ui.java.browser.lifecycle.Init.lambda$5(Init.java:244)
	at com.equo.comm.common.MessageHandler.processReceivedEventMessage(MessageHandler.java:131)
	at com.equo.comm.ee.provider.service.ChromiumService.receiveMessage(ChromiumService.java:98)
	at com.equo.comm.ee.provider.CommunicationManagerChromiumImpl.receiveMessage(CommunicationManagerChromiumImpl.java:48)
	at com.equo.chromium.swt.internal.spi.CommRouterHandler.handleRequest(CommRouterHandler.java:33)
	at com.equo.chromium.swt.internal.spi.CommRouterHandler.lambda$1(CommRouterHandler.java:51)
	at java.base/java.util.concurrent.ThreadPoolExecutor.runWorker(Unknown Source)
	at java.base/java.util.concurrent.ThreadPoolExecutor$Worker.run(Unknown Source)
	at java.base/java.lang.Thread.run(Unknown Source)
2024-02-16 12:28:16,613 : ERROR : comm-pool-thread-49 :  : Node : Decision Tree Predictor : 3:7 : Configure failed (NoSuchElementException): null
java.util.NoSuchElementException
	at java.base/java.util.LinkedList$ListItr.next(Unknown Source)
	at java.base/java.util.Collections$UnmodifiableCollection$1.next(Unknown Source)
	at org.knime.base.node.mine.decisiontree2.predictor2.DecTreePredictorNodeModel.createOutTableSpec(DecTreePredictorNodeModel.java:470)
	at org.knime.base.node.mine.decisiontree2.predictor2.DecTreePredictorNodeModel.configure(DecTreePredictorNodeModel.java:416)
	at org.knime.core.node.NodeModel.configureModel(NodeModel.java:1130)
	at org.knime.core.node.Node.invokeNodeModelConfigure(Node.java:2013)
	at org.knime.core.node.Node.configure(Node.java:1949)
	at org.knime.core.node.workflow.NativeNodeContainer.performConfigure(NativeNodeContainer.java:566)
	at org.knime.core.node.workflow.SingleNodeContainer.callNodeConfigure(SingleNodeContainer.java:315)
	at org.knime.core.node.workflow.SingleNodeContainer.configure(SingleNodeContainer.java:200)
	at org.knime.core.node.workflow.WorkflowManager.configureSingleNodeContainer(WorkflowManager.java:6743)
	at org.knime.core.node.workflow.WorkflowManager.configureNodeAndPortSuccessors(WorkflowManager.java:6902)
	at org.knime.core.node.workflow.WorkflowManager.configureNodeAndSuccessors(WorkflowManager.java:6845)
	at org.knime.core.node.workflow.WorkflowManager.resetAndConfigureNodeAndSuccessors(WorkflowManager.java:5519)
	at org.knime.core.node.workflow.WorkflowManager.resetAndConfigureNode(WorkflowManager.java:5440)
	at org.knime.core.node.workflow.WorkflowManager.addConnection(WorkflowManager.java:1425)
	at org.knime.core.node.workflow.WorkflowManager.addConnection(WorkflowManager.java:1341)
	at org.knime.gateway.impl.webui.service.commands.Delete.undo(Delete.java:120)
	at org.knime.gateway.impl.webui.service.commands.WorkflowCommands.undo(WorkflowCommands.java:330)
	at org.knime.gateway.impl.webui.service.DefaultWorkflowService.undoWorkflowCommand(DefaultWorkflowService.java:175)
	at org.knime.gateway.impl.webui.jsonrpc.service.JsonRpcWorkflowServiceWrapper.undoWorkflowCommand(JsonRpcWorkflowServiceWrapper.java:149)
	at java.base/jdk.internal.reflect.NativeMethodAccessorImpl.invoke0(Native Method)
	at java.base/jdk.internal.reflect.NativeMethodAccessorImpl.invoke(Unknown Source)
	at java.base/jdk.internal.reflect.DelegatingMethodAccessorImpl.invoke(Unknown Source)
	at java.base/java.lang.reflect.Method.invoke(Unknown Source)
	at com.googlecode.jsonrpc4j.JsonRpcBasicServer.invoke(JsonRpcBasicServer.java:478)
	at com.googlecode.jsonrpc4j.JsonRpcBasicServer.handleObject(JsonRpcBasicServer.java:349)
	at com.googlecode.jsonrpc4j.JsonRpcBasicServer.handleJsonNodeRequest(JsonRpcBasicServer.java:274)
	at com.googlecode.jsonrpc4j.JsonRpcBasicServer.handleRequest(JsonRpcBasicServer.java:242)
	at org.knime.gateway.impl.jsonrpc.JsonRpcRequestHandler.handle(JsonRpcRequestHandler.java:104)
	at org.knime.ui.java.browser.lifecycle.Init.lambda$5(Init.java:244)
	at com.equo.comm.common.MessageHandler.processReceivedEventMessage(MessageHandler.java:131)
	at com.equo.comm.ee.provider.service.ChromiumService.receiveMessage(ChromiumService.java:98)
	at com.equo.comm.ee.provider.CommunicationManagerChromiumImpl.receiveMessage(CommunicationManagerChromiumImpl.java:48)
	at com.equo.chromium.swt.internal.spi.CommRouterHandler.handleRequest(CommRouterHandler.java:33)
	at com.equo.chromium.swt.internal.spi.CommRouterHandler.lambda$1(CommRouterHandler.java:51)
	at java.base/java.util.concurrent.ThreadPoolExecutor.runWorker(Unknown Source)
	at java.base/java.util.concurrent.ThreadPoolExecutor$Worker.run(Unknown Source)
	at java.base/java.lang.Thread.run(Unknown Source)
